Log file open, 11/03/20 09:48:39
LogInit: Display: Running engine for game: HideAndSeek
LogPlatformFile: Not using cached read wrapper
LogTaskGraph: Started task graph with 5 named threads and 14 total threads with 3 sets of task threads.
LogStats: Stats thread started at 0.210927
LogD3D11RHI: Loaded GFSDK_Aftermath_Lib.x64.dll
LogICUInternationalization: ICU TimeZone Detection - Raw Offset: -6:00, Platform Override: ''
LogPluginManager: Mounting plugin Paper2D
LogPluginManager: Mounting plugin AISupport
LogPluginManager: Mounting plugin LightPropagationVolume
LogPluginManager: Mounting plugin CameraShakePreviewer
LogPluginManager: Mounting plugin ActorLayerUtilities
LogPluginManager: Mounting plugin AnimationSharing
LogPluginManager: Mounting plugin CLionSourceCodeAccess
LogPluginManager: Mounting plugin CodeLiteSourceCodeAccess
LogPluginManager: Mounting plugin GitSourceControl
LogPluginManager: Mounting plugin KDevelopSourceCodeAccess
LogPluginManager: Mounting plugin NullSourceCodeAccess
LogPluginManager: Mounting plugin PerforceSourceControl
LogPluginManager: Mounting plugin PlasticSourceControl
LogPluginManager: Mounting plugin RiderSourceCodeAccess
LogPluginManager: Mounting plugin SubversionSourceControl
LogPluginManager: Mounting plugin UObjectPlugin
LogPluginManager: Mounting plugin VisualStudioCodeSourceCodeAccess
LogPluginManager: Mounting plugin VisualStudioSourceCodeAccess
LogPluginManager: Mounting plugin XCodeSourceCodeAccess
LogPluginManager: Mounting plugin AssetManagerEditor
LogPluginManager: Mounting plugin CryptoKeys
LogPluginManager: Mounting plugin CurveEditorTools
LogPluginManager: Mounting plugin DataValidation
LogPluginManager: Mounting plugin EditorScriptingUtilities
LogPluginManager: Mounting plugin FacialAnimation
LogPluginManager: Mounting plugin GameplayTagsEditor
LogPluginManager: Mounting plugin GeometryMode
LogPluginManager: Mounting plugin MacGraphicsSwitching
LogPluginManager: Mounting plugin MaterialAnalyzer
LogPluginManager: Mounting plugin MobileLauncherProfileWizard
LogPluginManager: Mounting plugin PluginBrowser
LogPluginManager: Mounting plugin SpeedTreeImporter
LogPluginManager: Mounting plugin DatasmithContent
LogPluginManager: Mounting plugin VariantManagerContent
LogPluginManager: Mounting plugin AlembicImporter
LogPluginManager: Mounting plugin AutomationUtils
LogPluginManager: Mounting plugin BackChannel
LogPluginManager: Mounting plugin ChaosCloth
LogPluginManager: Mounting plugin ChaosClothEditor
LogPluginManager: Mounting plugin ChaosEditor
LogPluginManager: Mounting plugin ChaosNiagara
LogPluginManager: Mounting plugin ChaosSolverPlugin
LogPluginManager: Mounting plugin CharacterAI
LogPluginManager: Mounting plugin GeometryCache
LogPluginManager: Mounting plugin GeometryCollectionPlugin
LogPluginManager: Mounting plugin GeometryProcessing
LogPluginManager: Mounting plugin PlanarCut
LogPluginManager: Mounting plugin PlatformCrypto
LogPluginManager: Mounting plugin ProxyLODPlugin
LogPluginManager: Mounting plugin SkeletalReduction
LogPluginManager: Mounting plugin Niagara
LogPluginManager: Mounting plugin MagicLeap
LogPluginManager: Mounting plugin MagicLeapLightEstimation
LogPluginManager: Mounting plugin MagicLeapMedia
LogPluginManager: Mounting plugin MagicLeapPassableWorld
LogPluginManager: Mounting plugin MLSDK
LogPluginManager: Mounting plugin AndroidMedia
LogPluginManager: Mounting plugin AvfMedia
LogPluginManager: Mounting plugin ImgMedia
LogPluginManager: Mounting plugin MediaCompositing
LogPluginManager: Mounting plugin MediaPlayerEditor
LogPluginManager: Mounting plugin WebMMedia
LogPluginManager: Mounting plugin WmfMedia
LogPluginManager: Mounting plugin MeshPainting
LogPluginManager: Mounting plugin TcpMessaging
LogPluginManager: Mounting plugin UdpMessaging
LogPluginManager: Mounting plugin ActorSequence
LogPluginManager: Mounting plugin LevelSequenceEditor
LogPluginManager: Mounting plugin MatineeToLevelSequence
LogPluginManager: Mounting plugin MovieRenderPipeline
LogPluginManager: Mounting plugin TemplateSequence
LogPluginManager: Mounting plugin NetcodeUnitTest
LogPluginManager: Mounting plugin NUTUnrealEngine4
LogPluginManager: Mounting plugin OnlineSubsystemGooglePlay
LogPluginManager: Mounting plugin OnlineSubsystemIOS
LogPluginManager: Mounting plugin OnlineSubsystem
LogPluginManager: Mounting plugin OnlineSubsystemNull
LogPluginManager: Mounting plugin OnlineSubsystemUtils
LogPluginManager: Mounting plugin LauncherChunkInstaller
LogPluginManager: Mounting plugin AndroidDeviceProfileSelector
LogPluginManager: Mounting plugin AndroidMoviePlayer
LogPluginManager: Mounting plugin AndroidPermission
LogPluginManager: Mounting plugin AppleImageUtils
LogPluginManager: Mounting plugin AppleMoviePlayer
LogPluginManager: Mounting plugin ArchVisCharacter
LogPluginManager: Mounting plugin AssetTags
LogPluginManager: Mounting plugin AudioCapture
LogPluginManager: Mounting plugin CableComponent
LogPluginManager: Mounting plugin CustomMeshComponent
LogPluginManager: Mounting plugin EditableMesh
LogPluginManager: Mounting plugin ExampleDeviceProfileSelector
LogPluginManager: Mounting plugin GoogleCloudMessaging
LogPluginManager: Mounting plugin GooglePAD
LogPluginManager: Mounting plugin IOSDeviceProfileSelector
LogPluginManager: Mounting plugin LinuxDeviceProfileSelector
LogPluginManager: Mounting plugin LocationServicesBPLibrary
LogPluginManager: Mounting plugin MobilePatchingUtils
LogPluginManager: Mounting plugin OculusVR
LogPluginManager: Mounting plugin PhysXVehicles
LogPluginManager: Mounting plugin PostSplashScreen
LogPluginManager: Mounting plugin ProceduralMeshComponent
LogPluginManager: Mounting plugin RuntimePhysXCooking
LogPluginManager: Mounting plugin SignificanceManager
LogPluginManager: Mounting plugin SoundFields
LogPluginManager: Mounting plugin SteamVR
LogPluginManager: Mounting plugin Synthesis
LogPluginManager: Mounting plugin WebMMoviePlayer
LogPluginManager: Mounting plugin WindowsMoviePlayer
LogPluginManager: Mounting plugin ScreenshotTools
LogInit: Using libcurl 7.55.1-DEV
LogInit:  - built for x86_64-pc-win32
LogInit:  - supports SSL with OpenSSL/1.1.1
LogInit:  - supports HTTP deflate (compression) using libz 1.2.8
LogInit:  - other features:
LogInit:      CURL_VERSION_SSL
LogInit:      CURL_VERSION_LIBZ
LogInit:      CURL_VERSION_IPV6
LogInit:      CURL_VERSION_ASYNCHDNS
LogInit:      CURL_VERSION_LARGEFILE
LogInit:      CURL_VERSION_IDN
LogInit:  CurlRequestOptions (configurable via config and command line):
LogInit:  - bVerifyPeer = true  - Libcurl will verify peer certificate
LogInit:  - bUseHttpProxy = false  - Libcurl will NOT use HTTP proxy
LogInit:  - bDontReuseConnections = false  - Libcurl will reuse connections
LogInit:  - MaxHostConnections = 16  - Libcurl will limit the number of connections to a host
LogInit:  - LocalHostAddr = Default
LogInit:  - BufferSize = 65536
LogOnline: OSS: Creating online subsystem instance for: NULL
LogInit: WinSock: version 1.1 (2.2), MaxSocks=32767, MaxUdp=65467
LogOnline: OSS: TryLoadSubsystemAndSetDefault: Loaded subsystem for module [NULL]
LogInit: Build: ++UE4+Release-4.25-CL-13942748
LogInit: Engine Version: 4.25.3-13942748+++UE4+Release-4.25
LogInit: Compatible Engine Version: 4.25.0-13144385+++UE4+Release-4.25
LogInit: Net CL: 13144385
LogInit: OS: Windows 10 (Release 2004) (), CPU: Intel(R) Core(TM) i5-4570 CPU @ 3.20GHz, GPU: NVIDIA GeForce GTX 670
LogInit: Compiled (64-bit): Jul 25 2020 02:07:48
LogInit: Compiled with Visual C++: 19.24.28315.00
LogInit: Build Configuration: Development
LogInit: Branch Name: ++UE4+Release-4.25
LogInit: Command Line:  -EpicPortal -epicusername=ThunderDude1999 -epicuserid=781aeef3e49045af94abbb4012641896 -epiclocale=en
LogInit: Base Directory: C:/Program Files/Epic Games/UE_4.25/Engine/Binaries/Win64/
LogInit: Allocator: TBB
LogInit: Installed Engine Build: 1
LogDevObjectVersion: Number of dev versions registered: 26
LogDevObjectVersion:   Dev-Blueprints (B0D832E4-1F89-4F0D-ACCF-7EB736FD4AA2): 10
LogDevObjectVersion:   Dev-Build (E1C64328-A22C-4D53-A36C-8E866417BD8C): 0
LogDevObjectVersion:   Dev-Core (375EC13C-06E4-48FB-B500-84F0262A717E): 4
LogDevObjectVersion:   Dev-Editor (E4B068ED-F494-42E9-A231-DA0B2E46BB41): 38
LogDevObjectVersion:   Dev-Framework (CFFC743F-43B0-4480-9391-14DF171D2073): 37
LogDevObjectVersion:   Dev-Mobile (B02B49B5-BB20-44E9-A304-32B752E40360): 2
LogDevObjectVersion:   Dev-Networking (A4E4105C-59A1-49B5-A7C5-40C4547EDFEE): 0
LogDevObjectVersion:   Dev-Online (39C831C9-5AE6-47DC-9A44-9C173E1C8E7C): 0
LogDevObjectVersion:   Dev-Physics (78F01B33-EBEA-4F98-B9B4-84EACCB95AA2): 4
LogDevObjectVersion:   Dev-Platform (6631380F-2D4D-43E0-8009-CF276956A95A): 0
LogDevObjectVersion:   Dev-Rendering (12F88B9F-8875-4AFC-A67C-D90C383ABD29): 43
LogDevObjectVersion:   Dev-Sequencer (7B5AE74C-D270-4C10-A958-57980B212A5A): 12
LogDevObjectVersion:   Dev-VR (D7296918-1DD6-4BDD-9DE2-64A83CC13884): 3
LogDevObjectVersion:   Dev-LoadTimes (C2A15278-BFE7-4AFE-6C17-90FF531DF755): 1
LogDevObjectVersion:   Private-Geometry (6EACA3D4-40EC-4CC1-B786-8BED09428FC5): 3
LogDevObjectVersion:   Dev-AnimPhys (29E575DD-E0A3-4627-9D10-D276232CDCEA): 17
LogDevObjectVersion:   Dev-Anim (AF43A65D-7FD3-4947-9873-3E8ED9C1BB05): 7
LogDevObjectVersion:   Dev-ReflectionCapture (6B266CEC-1EC7-4B8F-A30B-E4D90942FC07): 1
LogDevObjectVersion:   Dev-Automation (0DF73D61-A23F-47EA-B727-89E90C41499A): 1
LogDevObjectVersion:   FortniteMain (601D1886-AC64-4F84-AA16-D3DE0DEAC7D6): 31
LogDevObjectVersion:   Dev-Enterprise (9DFFBCD6-494F-0158-E221-12823C92A888): 10
LogDevObjectVersion:   Dev-Niagara (F2AED0AC-9AFE-416F-8664-AA7FFA26D6FC): 1
LogDevObjectVersion:   Dev-Destruction (174F1F0B-B4C6-45A5-B13F-2EE8D0FB917D): 10
LogDevObjectVersion:   Dev-Physics-Ext (35F94A83-E258-406C-A318-09F59610247C): 37
LogDevObjectVersion:   Dev-PhysicsMaterial-Chaos (B68FC16E-8B1B-42E2-B453-215C058844FE): 1
LogDevObjectVersion:   Dev-CineCamera (B2E18506-4273-CFC2-A54E-F4BB758BBA07): 1
LogInit: Presizing for max 25165824 objects, including 0 objects not considered by GC, pre-allocating 0 bytes for permanent pool.
LogConfig: Applying CVar settings from Section [/Script/Engine.StreamingSettings] File [C:/Users/Brayden/Documents/unreal/HideAndSeek/Hide_And_Seek/HideAndSeek/Saved/Config/Windows/Engine.ini]
LogConfig: Setting CVar [[s.MinBulkDataSizeForAsyncLoading:131072]]
LogConfig: Setting CVar [[s.AsyncLoadingThreadEnabled:0]]
LogConfig: Setting CVar [[s.EventDrivenLoaderEnabled:1]]
LogConfig: Setting CVar [[s.WarnIfTimeLimitExceeded:0]]
LogConfig: Setting CVar [[s.TimeLimitExceededMultiplier:1.5]]
LogConfig: Setting CVar [[s.TimeLimitExceededMinTime:0.005]]
LogConfig: Setting CVar [[s.UseBackgroundLevelStreaming:1]]
LogConfig: Setting CVar [[s.PriorityAsyncLoadingExtraTime:15.0]]
LogConfig: Setting CVar [[s.LevelStreamingActorsUpdateTimeLimit:5.0]]
LogConfig: Setting CVar [[s.PriorityLevelStreamingActorsUpdateExtraTime:5.0]]
LogConfig: Setting CVar [[s.LevelStreamingComponentsRegistrationGranularity:10]]
LogConfig: Setting CVar [[s.UnregisterComponentsTimeLimit:1.0]]
LogConfig: Setting CVar [[s.LevelStreamingComponentsUnregistrationGranularity:5]]
LogConfig: Setting CVar [[s.FlushStreamingOnExit:1]]
LogInit: Object subsystem initialized
LogConfig: Setting CVar [[con.DebugEarlyDefault:1]]
LogConfig: Setting CVar [[r.setres:1280x720]]
[2020.11.03-15.48.40:401][  0]LogConfig: Setting CVar [[r.VSync:0]]
[2020.11.03-15.48.40:401][  0]LogConfig: Setting CVar [[r.RHICmdBypass:0]]
[2020.11.03-15.48.40:401][  0]LogConfig: Applying CVar settings from Section [/Script/Engine.RendererSettings] File [C:/Users/Brayden/Documents/unreal/HideAndSeek/Hide_And_Seek/HideAndSeek/Saved/Config/Windows/Engine.ini]
[2020.11.03-15.48.40:401][  0]LogConfig: Setting CVar [[r.GPUCrashDebugging:0]]
[2020.11.03-15.48.40:401][  0]LogConfig: Applying CVar settings from Section [/Script/Engine.RendererOverrideSettings] File [C:/Users/Brayden/Documents/unreal/HideAndSeek/Hide_And_Seek/HideAndSeek/Saved/Config/Windows/Engine.ini]
[2020.11.03-15.48.40:401][  0]LogConfig: Applying CVar settings from Section [/Script/Engine.StreamingSettings] File [C:/Users/Brayden/Documents/unreal/HideAndSeek/Hide_And_Seek/HideAndSeek/Saved/Config/Windows/Engine.ini]
[2020.11.03-15.48.40:401][  0]LogConfig: Setting CVar [[s.MinBulkDataSizeForAsyncLoading:131072]]
[2020.11.03-15.48.40:401][  0]LogConfig: Setting CVar [[s.AsyncLoadingThreadEnabled:0]]
[2020.11.03-15.48.40:401][  0]LogConfig: Setting CVar [[s.EventDrivenLoaderEnabled:1]]
[2020.11.03-15.48.40:401][  0]LogConfig: Setting CVar [[s.WarnIfTimeLimitExceeded:0]]
[2020.11.03-15.48.40:401][  0]LogConfig: Setting CVar [[s.TimeLimitExceededMultiplier:1.5]]
[2020.11.03-15.48.40:401][  0]LogConfig: Setting CVar [[s.TimeLimitExceededMinTime:0.005]]
[2020.11.03-15.48.40:401][  0]LogConfig: Setting CVar [[s.UseBackgroundLevelStreaming:1]]
[2020.11.03-15.48.40:401][  0]LogConfig: Setting CVar [[s.PriorityAsyncLoadingExtraTime:15.0]]
[2020.11.03-15.48.40:401][  0]LogConfig: Setting CVar [[s.LevelStreamingActorsUpdateTimeLimit:5.0]]
[2020.11.03-15.48.40:401][  0]LogConfig: Setting CVar [[s.PriorityLevelStreamingActorsUpdateExtraTime:5.0]]
[2020.11.03-15.48.40:401][  0]LogConfig: Setting CVar [[s.LevelStreamingComponentsRegistrationGranularity:10]]
[2020.11.03-15.48.40:401][  0]LogConfig: Setting CVar [[s.UnregisterComponentsTimeLimit:1.0]]
[2020.11.03-15.48.40:401][  0]LogConfig: Setting CVar [[s.LevelStreamingComponentsUnregistrationGranularity:5]]
[2020.11.03-15.48.40:401][  0]LogConfig: Setting CVar [[s.FlushStreamingOnExit:1]]
[2020.11.03-15.48.40:401][  0]LogConfig: Applying CVar settings from Section [/Script/Engine.GarbageCollectionSettings] File [C:/Users/Brayden/Documents/unreal/HideAndSeek/Hide_And_Seek/HideAndSeek/Saved/Config/Windows/Engine.ini]
[2020.11.03-15.48.40:401][  0]LogConfig: Setting CVar [[gc.MaxObjectsNotConsideredByGC:1]]
[2020.11.03-15.48.40:401][  0]LogConfig: Setting CVar [[gc.SizeOfPermanentObjectPool:0]]
[2020.11.03-15.48.40:401][  0]LogConfig: Setting CVar [[gc.FlushStreamingOnGC:0]]
[2020.11.03-15.48.40:401][  0]LogConfig: Setting CVar [[gc.NumRetriesBeforeForcingGC:10]]
[2020.11.03-15.48.40:401][  0]LogConfig: Setting CVar [[gc.AllowParallelGC:1]]
[2020.11.03-15.48.40:401][  0]LogConfig: Setting CVar [[gc.TimeBetweenPurgingPendingKillObjects:61.1]]
[2020.11.03-15.48.40:401][  0]LogConfig: Setting CVar [[gc.MaxObjectsInEditor:25165824]]
[2020.11.03-15.48.40:401][  0]LogConfig: Setting CVar [[gc.IncrementalBeginDestroyEnabled:1]]
[2020.11.03-15.48.40:401][  0]LogConfig: Setting CVar [[gc.CreateGCClusters:1]]
[2020.11.03-15.48.40:401][  0]LogConfig: Setting CVar [[gc.MinGCClusterSize:5]]
[2020.11.03-15.48.40:401][  0]LogConfig: Setting CVar [[gc.ActorClusteringEnabled:0]]
[2020.11.03-15.48.40:401][  0]LogConfig: Setting CVar [[gc.BlueprintClusteringEnabled:0]]
[2020.11.03-15.48.40:401][  0]LogConfig: Setting CVar [[gc.UseDisregardForGCOnDedicatedServers:0]]
[2020.11.03-15.48.40:401][  0]LogConfig: Applying CVar settings from Section [/Script/Engine.NetworkSettings] File [C:/Users/Brayden/Documents/unreal/HideAndSeek/Hide_And_Seek/HideAndSeek/Saved/Config/Windows/Engine.ini]
[2020.11.03-15.48.40:401][  0]LogConfig: Applying CVar settings from Section [/Script/UnrealEd.CookerSettings] File [C:/Users/Brayden/Documents/unreal/HideAndSeek/Hide_And_Seek/HideAndSeek/Saved/Config/Windows/Engine.ini]
[2020.11.03-15.48.40:409][  0]LogConfig: Applying CVar settings from Section [ViewDistanceQuality@3] File [C:/Users/Brayden/Documents/unreal/HideAndSeek/Hide_And_Seek/HideAndSeek/Saved/Config/Windows/Scalability.ini]
[2020.11.03-15.48.40:409][  0]LogConfig: Setting CVar [[r.SkeletalMeshLODBias:0]]
[2020.11.03-15.48.40:409][  0]LogConfig: Setting CVar [[r.ViewDistanceScale:1.0]]
[2020.11.03-15.48.40:409][  0]LogConfig: Applying CVar settings from Section [AntiAliasingQuality@3] File [C:/Users/Brayden/Documents/unreal/HideAndSeek/Hide_And_Seek/HideAndSeek/Saved/Config/Windows/Scalability.ini]
[2020.11.03-15.48.40:409][  0]LogConfig: Setting CVar [[r.PostProcessAAQuality:4]]
[2020.11.03-15.48.40:409][  0]LogConfig: Applying CVar settings from Section [ShadowQuality@3] File [C:/Users/Brayden/Documents/unreal/HideAndSeek/Hide_And_Seek/HideAndSeek/Saved/Config/Windows/Scalability.ini]
[2020.11.03-15.48.40:409][  0]LogConfig: Setting CVar [[r.LightFunctionQuality:1]]
[2020.11.03-15.48.40:409][  0]LogConfig: Setting CVar [[r.ShadowQuality:5]]
[2020.11.03-15.48.40:409][  0]LogConfig: Setting CVar [[r.Shadow.CSM.MaxCascades:10]]
[2020.11.03-15.48.40:409][  0]LogConfig: Setting CVar [[r.Shadow.MaxResolution:2048]]
[2020.11.03-15.48.40:409][  0]LogConfig: Setting CVar [[r.Shadow.MaxCSMResolution:2048]]
[2020.11.03-15.48.40:409][  0]LogConfig: Setting CVar [[r.Shadow.RadiusThreshold:0.01]]
[2020.11.03-15.48.40:409][  0]LogConfig: Setting CVar [[r.Shadow.DistanceScale:1.0]]
[2020.11.03-15.48.40:409][  0]LogConfig: Setting CVar [[r.Shadow.CSM.TransitionScale:1.0]]
[2020.11.03-15.48.40:409][  0]LogConfig: Setting CVar [[r.Shadow.PreShadowResolutionFactor:1.0]]
[2020.11.03-15.48.40:409][  0]LogConfig: Setting CVar [[r.DistanceFieldShadowing:1]]
[2020.11.03-15.48.40:409][  0]LogConfig: Setting CVar [[r.DistanceFieldAO:1]]
[2020.11.03-15.48.40:409][  0]LogConfig: Setting CVar [[r.AOQuality:2]]
[2020.11.03-15.48.40:409][  0]LogConfig: Setting CVar [[r.VolumetricFog:1]]
[2020.11.03-15.48.40:409][  0]LogConfig: Setting CVar [[r.VolumetricFog.GridPixelSize:8]]
[2020.11.03-15.48.40:409][  0]LogConfig: Setting CVar [[r.VolumetricFog.GridSizeZ:128]]
[2020.11.03-15.48.40:409][  0]LogConfig: Setting CVar [[r.VolumetricFog.HistoryMissSupersampleCount:4]]
[2020.11.03-15.48.40:409][  0]LogConfig: Setting CVar [[r.LightMaxDrawDistanceScale:1]]
[2020.11.03-15.48.40:409][  0]LogConfig: Setting CVar [[r.CapsuleShadows:1]]
[2020.11.03-15.48.40:409][  0]LogConfig: Applying CVar settings from Section [PostProcessQuality@3] File [C:/Users/Brayden/Documents/unreal/HideAndSeek/Hide_And_Seek/HideAndSeek/Saved/Config/Windows/Scalability.ini]
[2020.11.03-15.48.40:409][  0]LogConfig: Setting CVar [[r.MotionBlurQuality:4]]
[2020.11.03-15.48.40:409][  0]LogConfig: Setting CVar [[r.AmbientOcclusionMipLevelFactor:0.4]]
[2020.11.03-15.48.40:409][  0]LogConfig: Setting CVar [[r.AmbientOcclusionMaxQuality:100]]
[2020.11.03-15.48.40:409][  0]LogConfig: Setting CVar [[r.AmbientOcclusionLevels:-1]]
[2020.11.03-15.48.40:409][  0]LogConfig: Setting CVar [[r.AmbientOcclusionRadiusScale:1.0]]
[2020.11.03-15.48.40:409][  0]LogConfig: Setting CVar [[r.DepthOfFieldQuality:2]]
[2020.11.03-15.48.40:409][  0]LogConfig: Setting CVar [[r.RenderTargetPoolMin:400]]
[2020.11.03-15.48.40:409][  0]LogConfig: Setting CVar [[r.LensFlareQuality:2]]
[2020.11.03-15.48.40:409][  0]LogConfig: Setting CVar [[r.SceneColorFringeQuality:1]]
[2020.11.03-15.48.40:409][  0]LogConfig: Setting CVar [[r.EyeAdaptationQuality:2]]
[2020.11.03-15.48.40:409][  0]LogConfig: Setting CVar [[r.BloomQuality:5]]
[2020.11.03-15.48.40:409][  0]LogConfig: Setting CVar [[r.FastBlurThreshold:100]]
[2020.11.03-15.48.40:409][  0]LogConfig: Setting CVar [[r.Upscale.Quality:3]]
[2020.11.03-15.48.40:409][  0]LogConfig: Setting CVar [[r.Tonemapper.GrainQuantization:1]]
[2020.11.03-15.48.40:409][  0]LogConfig: Setting CVar [[r.LightShaftQuality:1]]
[2020.11.03-15.48.40:409][  0]LogConfig: Setting CVar [[r.Filter.SizeScale:1]]
[2020.11.03-15.48.40:409][  0]LogConfig: Setting CVar [[r.Tonemapper.Quality:5]]
[2020.11.03-15.48.40:409][  0]LogConfig: Setting CVar [[r.DOF.Gather.AccumulatorQuality:1        ; higher gathering accumulator quality]]
[2020.11.03-15.48.40:409][  0]LogConfig: Setting CVar [[r.DOF.Gather.PostfilterMethod:1          ; Median3x3 postfilering method]]
[2020.11.03-15.48.40:409][  0]LogConfig: Setting CVar [[r.DOF.Gather.EnableBokehSettings:0       ; no bokeh simulation when gathering]]
[2020.11.03-15.48.40:410][  0]LogConfig: Setting CVar [[r.DOF.Gather.RingCount:4                 ; medium number of samples when gathering]]
[2020.11.03-15.48.40:410][  0]LogConfig: Setting CVar [[r.DOF.Scatter.ForegroundCompositing:1    ; additive foreground scattering]]
[2020.11.03-15.48.40:410][  0]LogConfig: Setting CVar [[r.DOF.Scatter.BackgroundCompositing:2    ; additive background scattering]]
[2020.11.03-15.48.40:410][  0]LogConfig: Setting CVar [[r.DOF.Scatter.EnableBokehSettings:1      ; bokeh simulation when scattering]]
[2020.11.03-15.48.40:410][  0]LogConfig: Setting CVar [[r.DOF.Scatter.MaxSpriteRatio:0.1         ; only a maximum of 10% of scattered bokeh]]
[2020.11.03-15.48.40:410][  0]LogConfig: Setting CVar [[r.DOF.Recombine.Quality:1                ; cheap slight out of focus]]
[2020.11.03-15.48.40:410][  0]LogConfig: Setting CVar [[r.DOF.Recombine.EnableBokehSettings:0    ; no bokeh simulation on slight out of focus]]
[2020.11.03-15.48.40:410][  0]LogConfig: Setting CVar [[r.DOF.TemporalAAQuality:1                ; more stable temporal accumulation]]
[2020.11.03-15.48.40:410][  0]LogConfig: Setting CVar [[r.DOF.Kernel.MaxForegroundRadius:0.025]]
[2020.11.03-15.48.40:410][  0]LogConfig: Setting CVar [[r.DOF.Kernel.MaxBackgroundRadius:0.025]]
[2020.11.03-15.48.40:410][  0]LogConfig: Applying CVar settings from Section [TextureQuality@3] File [C:/Users/Brayden/Documents/unreal/HideAndSeek/Hide_And_Seek/HideAndSeek/Saved/Config/Windows/Scalability.ini]
[2020.11.03-15.48.40:410][  0]LogConfig: Setting CVar [[r.Streaming.MipBias:0]]
[2020.11.03-15.48.40:410][  0]LogConfig: Setting CVar [[r.Streaming.AmortizeCPUToGPUCopy:0]]
[2020.11.03-15.48.40:410][  0]LogConfig: Setting CVar [[r.Streaming.MaxNumTexturesToStreamPerFrame:0]]
[2020.11.03-15.48.40:410][  0]LogConfig: Setting CVar [[r.Streaming.Boost:1]]
[2020.11.03-15.48.40:410][  0]LogConfig: Setting CVar [[r.MaxAnisotropy:8]]
[2020.11.03-15.48.40:410][  0]LogConfig: Setting CVar [[r.VT.MaxAnisotropy:8]]
[2020.11.03-15.48.40:410][  0]LogConfig: Setting CVar [[r.Streaming.LimitPoolSizeToVRAM:0]]
[2020.11.03-15.48.40:410][  0]LogConfig: Setting CVar [[r.Streaming.PoolSize:1000]]
[2020.11.03-15.48.40:410][  0]LogConfig: Setting CVar [[r.Streaming.MaxEffectiveScreenSize:0]]
[2020.11.03-15.48.40:410][  0]LogConfig: Applying CVar settings from Section [EffectsQuality@3] File [C:/Users/Brayden/Documents/unreal/HideAndSeek/Hide_And_Seek/HideAndSeek/Saved/Config/Windows/Scalability.ini]
[2020.11.03-15.48.40:410][  0]LogConfig: Setting CVar [[r.TranslucencyLightingVolumeDim:64]]
[2020.11.03-15.48.40:410][  0]LogConfig: Setting CVar [[r.RefractionQuality:2]]
[2020.11.03-15.48.40:410][  0]LogConfig: Setting CVar [[r.SSR.Quality:3]]
[2020.11.03-15.48.40:410][  0]LogConfig: Setting CVar [[r.SSR.HalfResSceneColor:0]]
[2020.11.03-15.48.40:410][  0]LogConfig: Setting CVar [[r.SceneColorFormat:4]]
[2020.11.03-15.48.40:410][  0]LogConfig: Setting CVar [[r.DetailMode:2]]
[2020.11.03-15.48.40:410][  0]LogConfig: Setting CVar [[r.TranslucencyVolumeBlur:1]]
[2020.11.03-15.48.40:410][  0]LogConfig: Setting CVar [[r.MaterialQualityLevel:1 ; High quality]]
[2020.11.03-15.48.40:410][  0]LogConfig: Setting CVar [[r.SSS.Scale:1]]
[2020.11.03-15.48.40:410][  0]LogConfig: Setting CVar [[r.SSS.SampleSet:2]]
[2020.11.03-15.48.40:410][  0]LogConfig: Setting CVar [[r.SSS.Quality:1]]
[2020.11.03-15.48.40:410][  0]LogConfig: Setting CVar [[r.SSS.HalfRes:0]]
[2020.11.03-15.48.40:410][  0]LogConfig: Setting CVar [[r.SSGI.Quality:3]]
[2020.11.03-15.48.40:410][  0]LogConfig: Setting CVar [[r.EmitterSpawnRateScale:1.0]]
[2020.11.03-15.48.40:410][  0]LogConfig: Setting CVar [[r.ParticleLightQuality:2]]
[2020.11.03-15.48.40:410][  0]LogConfig: Setting CVar [[r.SkyAtmosphere.AerialPerspectiveLUT.FastApplyOnOpaque:1 ; Always have FastSkyLUT 1 in this case to avoid wrong sky]]
[2020.11.03-15.48.40:410][  0]LogConfig: Setting CVar [[r.SkyAtmosphere.AerialPerspectiveLUT.SampleCountPerSlice:1]]
[2020.11.03-15.48.40:410][  0]LogConfig: Setting CVar [[r.SkyAtmosphere.AerialPerspectiveLUT.DepthResolution:16.0]]
[2020.11.03-15.48.40:410][  0]LogConfig: Setting CVar [[r.SkyAtmosphere.FastSkyLUT:1]]
[2020.11.03-15.48.40:410][  0]LogConfig: Setting CVar [[r.SkyAtmosphere.FastSkyLUT.SampleCountMin:4.0]]
[2020.11.03-15.48.40:410][  0]LogConfig: Setting CVar [[r.SkyAtmosphere.FastSkyLUT.SampleCountMax:32.0]]
[2020.11.03-15.48.40:410][  0]LogConfig: Setting CVar [[r.SkyAtmosphere.SampleCountMin:4.0]]
[2020.11.03-15.48.40:410][  0]LogConfig: Setting CVar [[r.SkyAtmosphere.SampleCountMax:32.0]]
[2020.11.03-15.48.40:410][  0]LogConfig: Setting CVar [[r.SkyAtmosphere.TransmittanceLUT.UseSmallFormat:0]]
[2020.11.03-15.48.40:410][  0]LogConfig: Setting CVar [[r.SkyAtmosphere.TransmittanceLUT.SampleCount:10.0]]
[2020.11.03-15.48.40:410][  0]LogConfig: Setting CVar [[r.SkyAtmosphere.MultiScatteringLUT.SampleCount:15.0]]
[2020.11.03-15.48.40:410][  0]LogConfig: Applying CVar settings from Section [FoliageQuality@3] File [C:/Users/Brayden/Documents/unreal/HideAndSeek/Hide_And_Seek/HideAndSeek/Saved/Config/Windows/Scalability.ini]
[2020.11.03-15.48.40:410][  0]LogConfig: Setting CVar [[foliage.DensityScale:1.0]]
[2020.11.03-15.48.40:410][  0]LogConfig: Setting CVar [[grass.DensityScale:1.0]]
[2020.11.03-15.48.40:410][  0]LogConfig: Applying CVar settings from Section [ShadingQuality@3] File [C:/Users/Brayden/Documents/unreal/HideAndSeek/Hide_And_Seek/HideAndSeek/Saved/Config/Windows/Scalability.ini]
[2020.11.03-15.48.40:410][  0]LogConfig: Setting CVar [[r.HairStrands.SkyLighting.SampleCount:16]]
[2020.11.03-15.48.40:410][  0]LogConfig: Setting CVar [[r.HairStrands.SkyLighting.JitterIntegration:0]]
[2020.11.03-15.48.40:410][  0]LogConfig: Setting CVar [[r.HairStrands.SkyAO.SampleCount:16]]
[2020.11.03-15.48.40:410][  0]LogConfig: Setting CVar [[r.HairStrands.DeepShadow.SuperSampling:0]]
[2020.11.03-15.48.40:410][  0]LogConfig: Setting CVar [[r.HairStrands.VisibilityPPLL:0]]
[2020.11.03-15.48.40:410][  0]LogConfig: Setting CVar [[r.HairStrands.RasterizationScale:0.5]]
[2020.11.03-15.48.40:410][  0]LogConfig: Setting CVar [[r.HairStrands.VelocityRasterizationScale:1]]
[2020.11.03-15.48.40:410][  0]LogInit: Selected Device Profile: [Windows]
[2020.11.03-15.48.40:410][  0]LogInit: Applying CVar settings loaded from the selected device profile: [Windows]
[2020.11.03-15.48.40:410][  0]LogHAL: Display: Platform has ~ 16 GB [17116573696 / 17179869184 / 16], which maps to Larger [LargestMinGB=32, LargerMinGB=12, DefaultMinGB=8, SmallerMinGB=6, SmallestMinGB=0)
[2020.11.03-15.48.40:410][  0]LogInit: Going up to parent DeviceProfile []
[2020.11.03-15.48.40:410][  0]LogConfig: Applying CVar settings from Section [ViewDistanceQuality@3] File [C:/Users/Brayden/Documents/unreal/HideAndSeek/Hide_And_Seek/HideAndSeek/Saved/Config/Windows/Scalability.ini]
[2020.11.03-15.48.40:410][  0]LogConfig: Setting CVar [[r.SkeletalMeshLODBias:0]]
[2020.11.03-15.48.40:410][  0]LogConfig: Setting CVar [[r.ViewDistanceScale:1.0]]
[2020.11.03-15.48.40:410][  0]LogConfig: Applying CVar settings from Section [AntiAliasingQuality@3] File [C:/Users/Brayden/Documents/unreal/HideAndSeek/Hide_And_Seek/HideAndSeek/Saved/Config/Windows/Scalability.ini]
[2020.11.03-15.48.40:410][  0]LogConfig: Setting CVar [[r.PostProcessAAQuality:4]]
[2020.11.03-15.48.40:410][  0]LogConfig: Applying CVar settings from Section [ShadowQuality@3] File [C:/Users/Brayden/Documents/unreal/HideAndSeek/Hide_And_Seek/HideAndSeek/Saved/Config/Windows/Scalability.ini]
[2020.11.03-15.48.40:411][  0]LogConfig: Setting CVar [[r.LightFunctionQuality:1]]
[2020.11.03-15.48.40:411][  0]LogConfig: Setting CVar [[r.ShadowQuality:5]]
[2020.11.03-15.48.40:411][  0]LogConfig: Setting CVar [[r.Shadow.CSM.MaxCascades:10]]
[2020.11.03-15.48.40:411][  0]LogConfig: Setting CVar [[r.Shadow.MaxResolution:2048]]
[2020.11.03-15.48.40:411][  0]LogConfig: Setting CVar [[r.Shadow.MaxCSMResolution:2048]]
[2020.11.03-15.48.40:411][  0]LogConfig: Setting CVar [[r.Shadow.RadiusThreshold:0.01]]
[2020.11.03-15.48.40:411][  0]LogConfig: Setting CVar [[r.Shadow.DistanceScale:1.0]]
[2020.11.03-15.48.40:411][  0]LogConfig: Setting CVar [[r.Shadow.CSM.TransitionScale:1.0]]
[2020.11.03-15.48.40:411][  0]LogConfig: Setting CVar [[r.Shadow.PreShadowResolutionFactor:1.0]]
[2020.11.03-15.48.40:411][  0]LogConfig: Setting CVar [[r.DistanceFieldShadowing:1]]
[2020.11.03-15.48.40:411][  0]LogConfig: Setting CVar [[r.DistanceFieldAO:1]]
[2020.11.03-15.48.40:411][  0]LogConfig: Setting CVar [[r.AOQuality:2]]
[2020.11.03-15.48.40:411][  0]LogConfig: Setting CVar [[r.VolumetricFog:1]]
[2020.11.03-15.48.40:411][  0]LogConfig: Setting CVar [[r.VolumetricFog.GridPixelSize:8]]
[2020.11.03-15.48.40:411][  0]LogConfig: Setting CVar [[r.VolumetricFog.GridSizeZ:128]]
[2020.11.03-15.48.40:411][  0]LogConfig: Setting CVar [[r.VolumetricFog.HistoryMissSupersampleCount:4]]
[2020.11.03-15.48.40:411][  0]LogConfig: Setting CVar [[r.LightMaxDrawDistanceScale:1]]
[2020.11.03-15.48.40:411][  0]LogConfig: Setting CVar [[r.CapsuleShadows:1]]
[2020.11.03-15.48.40:411][  0]LogConfig: Applying CVar settings from Section [PostProcessQuality@3] File [C:/Users/Brayden/Documents/unreal/HideAndSeek/Hide_And_Seek/HideAndSeek/Saved/Config/Windows/Scalability.ini]
[2020.11.03-15.48.40:411][  0]LogConfig: Setting CVar [[r.MotionBlurQuality:4]]
[2020.11.03-15.48.40:411][  0]LogConfig: Setting CVar [[r.AmbientOcclusionMipLevelFactor:0.4]]
[2020.11.03-15.48.40:411][  0]LogConfig: Setting CVar [[r.AmbientOcclusionMaxQuality:100]]
[2020.11.03-15.48.40:411][  0]LogConfig: Setting CVar [[r.AmbientOcclusionLevels:-1]]
[2020.11.03-15.48.40:411][  0]LogConfig: Setting CVar [[r.AmbientOcclusionRadiusScale:1.0]]
[2020.11.03-15.48.40:411][  0]LogConfig: Setting CVar [[r.DepthOfFieldQuality:2]]
[2020.11.03-15.48.40:411][  0]LogConfig: Setting CVar [[r.RenderTargetPoolMin:400]]
[2020.11.03-15.48.40:411][  0]LogConfig: Setting CVar [[r.LensFlareQuality:2]]
[2020.11.03-15.48.40:411][  0]LogConfig: Setting CVar [[r.SceneColorFringeQuality:1]]
[2020.11.03-15.48.40:411][  0]LogConfig: Setting CVar [[r.EyeAdaptationQuality:2]]
[2020.11.03-15.48.40:411][  0]LogConfig: Setting CVar [[r.BloomQuality:5]]
[2020.11.03-15.48.40:411][  0]LogConfig: Setting CVar [[r.FastBlurThreshold:100]]
[2020.11.03-15.48.40:411][  0]LogConfig: Setting CVar [[r.Upscale.Quality:3]]
[2020.11.03-15.48.40:411][  0]LogConfig: Setting CVar [[r.Tonemapper.GrainQuantization:1]]
[2020.11.03-15.48.40:411][  0]LogConfig: Setting CVar [[r.LightShaftQuality:1]]
[2020.11.03-15.48.40:411][  0]LogConfig: Setting CVar [[r.Filter.SizeScale:1]]
[2020.11.03-15.48.40:411][  0]LogConfig: Setting CVar [[r.Tonemapper.Quality:5]]
[2020.11.03-15.48.40:411][  0]LogConfig: Setting CVar [[r.DOF.Gather.AccumulatorQuality:1        ; higher gathering accumulator quality]]
[2020.11.03-15.48.40:411][  0]LogConfig: Setting CVar [[r.DOF.Gather.PostfilterMethod:1          ; Median3x3 postfilering method]]
[2020.11.03-15.48.40:411][  0]LogConfig: Setting CVar [[r.DOF.Gather.EnableBokehSettings:0       ; no bokeh simulation when gathering]]
[2020.11.03-15.48.40:411][  0]LogConfig: Setting CVar [[r.DOF.Gather.RingCount:4                 ; medium number of samples when gathering]]
[2020.11.03-15.48.40:411][  0]LogConfig: Setting CVar [[r.DOF.Scatter.ForegroundCompositing:1    ; additive foreground scattering]]
[2020.11.03-15.48.40:411][  0]LogConfig: Setting CVar [[r.DOF.Scatter.BackgroundCompositing:2    ; additive background scattering]]
[2020.11.03-15.48.40:411][  0]LogConfig: Setting CVar [[r.DOF.Scatter.EnableBokehSettings:1      ; bokeh simulation when scattering]]
[2020.11.03-15.48.40:411][  0]LogConfig: Setting CVar [[r.DOF.Scatter.MaxSpriteRatio:0.1         ; only a maximum of 10% of scattered bokeh]]
[2020.11.03-15.48.40:411][  0]LogConfig: Setting CVar [[r.DOF.Recombine.Quality:1                ; cheap slight out of focus]]
[2020.11.03-15.48.40:411][  0]LogConfig: Setting CVar [[r.DOF.Recombine.EnableBokehSettings:0    ; no bokeh simulation on slight out of focus]]
[2020.11.03-15.48.40:411][  0]LogConfig: Setting CVar [[r.DOF.TemporalAAQuality:1                ; more stable temporal accumulation]]
[2020.11.03-15.48.40:411][  0]LogConfig: Setting CVar [[r.DOF.Kernel.MaxForegroundRadius:0.025]]
[2020.11.03-15.48.40:411][  0]LogConfig: Setting CVar [[r.DOF.Kernel.MaxBackgroundRadius:0.025]]
[2020.11.03-15.48.40:411][  0]LogConfig: Applying CVar settings from Section [TextureQuality@3] File [C:/Users/Brayden/Documents/unreal/HideAndSeek/Hide_And_Seek/HideAndSeek/Saved/Config/Windows/Scalability.ini]
[2020.11.03-15.48.40:411][  0]LogConfig: Setting CVar [[r.Streaming.MipBias:0]]
[2020.11.03-15.48.40:411][  0]LogConfig: Setting CVar [[r.Streaming.AmortizeCPUToGPUCopy:0]]
[2020.11.03-15.48.40:411][  0]LogConfig: Setting CVar [[r.Streaming.MaxNumTexturesToStreamPerFrame:0]]
[2020.11.03-15.48.40:411][  0]LogConfig: Setting CVar [[r.Streaming.Boost:1]]
[2020.11.03-15.48.40:411][  0]LogConfig: Setting CVar [[r.MaxAnisotropy:8]]
[2020.11.03-15.48.40:411][  0]LogConfig: Setting CVar [[r.VT.MaxAnisotropy:8]]
[2020.11.03-15.48.40:411][  0]LogConfig: Setting CVar [[r.Streaming.LimitPoolSizeToVRAM:0]]
[2020.11.03-15.48.40:411][  0]LogConfig: Setting CVar [[r.Streaming.PoolSize:1000]]
[2020.11.03-15.48.40:411][  0]LogConfig: Setting CVar [[r.Streaming.MaxEffectiveScreenSize:0]]
[2020.11.03-15.48.40:411][  0]LogConfig: Applying CVar settings from Section [EffectsQuality@3] File [C:/Users/Brayden/Documents/unreal/HideAndSeek/Hide_And_Seek/HideAndSeek/Saved/Config/Windows/Scalability.ini]
[2020.11.03-15.48.40:411][  0]LogConfig: Setting CVar [[r.TranslucencyLightingVolumeDim:64]]
[2020.11.03-15.48.40:411][  0]LogConfig: Setting CVar [[r.RefractionQuality:2]]
[2020.11.03-15.48.40:411][  0]LogConfig: Setting CVar [[r.SSR.Quality:3]]
[2020.11.03-15.48.40:411][  0]LogConfig: Setting CVar [[r.SSR.HalfResSceneColor:0]]
[2020.11.03-15.48.40:411][  0]LogConfig: Setting CVar [[r.SceneColorFormat:4]]
[2020.11.03-15.48.40:411][  0]LogConfig: Setting CVar [[r.DetailMode:2]]
[2020.11.03-15.48.40:411][  0]LogConfig: Setting CVar [[r.TranslucencyVolumeBlur:1]]
[2020.11.03-15.48.40:411][  0]LogConfig: Setting CVar [[r.MaterialQualityLevel:1 ; High quality]]
[2020.11.03-15.48.40:411][  0]LogConfig: Setting CVar [[r.SSS.Scale:1]]
[2020.11.03-15.48.40:411][  0]LogConfig: Setting CVar [[r.SSS.SampleSet:2]]
[2020.11.03-15.48.40:411][  0]LogConfig: Setting CVar [[r.SSS.Quality:1]]
[2020.11.03-15.48.40:411][  0]LogConfig: Setting CVar [[r.SSS.HalfRes:0]]
[2020.11.03-15.48.40:411][  0]LogConfig: Setting CVar [[r.SSGI.Quality:3]]
[2020.11.03-15.48.40:411][  0]LogConfig: Setting CVar [[r.EmitterSpawnRateScale:1.0]]
[2020.11.03-15.48.40:411][  0]LogConfig: Setting CVar [[r.ParticleLightQuality:2]]
[2020.11.03-15.48.40:411][  0]LogConfig: Setting CVar [[r.SkyAtmosphere.AerialPerspectiveLUT.FastApplyOnOpaque:1 ; Always have FastSkyLUT 1 in this case to avoid wrong sky]]
[2020.11.03-15.48.40:411][  0]LogConfig: Setting CVar [[r.SkyAtmosphere.AerialPerspectiveLUT.SampleCountPerSlice:1]]
[2020.11.03-15.48.40:411][  0]LogConfig: Setting CVar [[r.SkyAtmosphere.AerialPerspectiveLUT.DepthResolution:16.0]]
[2020.11.03-15.48.40:411][  0]LogConfig: Setting CVar [[r.SkyAtmosphere.FastSkyLUT:1]]
[2020.11.03-15.48.40:411][  0]LogConfig: Setting CVar [[r.SkyAtmosphere.FastSkyLUT.SampleCountMin:4.0]]
[2020.11.03-15.48.40:412][  0]LogConfig: Setting CVar [[r.SkyAtmosphere.FastSkyLUT.SampleCountMax:32.0]]
[2020.11.03-15.48.40:412][  0]LogConfig: Setting CVar [[r.SkyAtmosphere.SampleCountMin:4.0]]
[2020.11.03-15.48.40:412][  0]LogConfig: Setting CVar [[r.SkyAtmosphere.SampleCountMax:32.0]]
[2020.11.03-15.48.40:412][  0]LogConfig: Setting CVar [[r.SkyAtmosphere.TransmittanceLUT.UseSmallFormat:0]]
[2020.11.03-15.48.40:412][  0]LogConfig: Setting CVar [[r.SkyAtmosphere.TransmittanceLUT.SampleCount:10.0]]
[2020.11.03-15.48.40:412][  0]LogConfig: Setting CVar [[r.SkyAtmosphere.MultiScatteringLUT.SampleCount:15.0]]
[2020.11.03-15.48.40:412][  0]LogConfig: Applying CVar settings from Section [FoliageQuality@3] File [C:/Users/Brayden/Documents/unreal/HideAndSeek/Hide_And_Seek/HideAndSeek/Saved/Config/Windows/Scalability.ini]
[2020.11.03-15.48.40:412][  0]LogConfig: Setting CVar [[foliage.DensityScale:1.0]]
[2020.11.03-15.48.40:412][  0]LogConfig: Setting CVar [[grass.DensityScale:1.0]]
[2020.11.03-15.48.40:412][  0]LogConfig: Applying CVar settings from Section [ShadingQuality@3] File [C:/Users/Brayden/Documents/unreal/HideAndSeek/Hide_And_Seek/HideAndSeek/Saved/Config/Windows/Scalability.ini]
[2020.11.03-15.48.40:412][  0]LogConfig: Setting CVar [[r.HairStrands.SkyLighting.SampleCount:16]]
[2020.11.03-15.48.40:412][  0]LogConfig: Setting CVar [[r.HairStrands.SkyLighting.JitterIntegration:0]]
[2020.11.03-15.48.40:412][  0]LogConfig: Setting CVar [[r.HairStrands.SkyAO.SampleCount:16]]
[2020.11.03-15.48.40:412][  0]LogConfig: Setting CVar [[r.HairStrands.DeepShadow.SuperSampling:0]]
[2020.11.03-15.48.40:412][  0]LogConfig: Setting CVar [[r.HairStrands.VisibilityPPLL:0]]
[2020.11.03-15.48.40:412][  0]LogConfig: Setting CVar [[r.HairStrands.RasterizationScale:0.5]]
[2020.11.03-15.48.40:412][  0]LogConfig: Setting CVar [[r.HairStrands.VelocityRasterizationScale:1]]
[2020.11.03-15.48.40:412][  0]LogConfig: Applying CVar settings from Section [Startup] File [../../../Engine/Config/ConsoleVariables.ini]
[2020.11.03-15.48.40:412][  0]LogConfig: Setting CVar [[net.UseAdaptiveNetUpdateFrequency:0]]
[2020.11.03-15.48.40:412][  0]LogConfig: Setting CVar [[p.chaos.AllowCreatePhysxBodies:1]]
[2020.11.03-15.48.40:412][  0]LogConfig: Setting CVar [[fx.SkipVectorVMBackendOptimizations:1]]
[2020.11.03-15.48.40:412][  0]LogConfig: Applying CVar settings from Section [ConsoleVariables] File [C:/Users/Brayden/Documents/unreal/HideAndSeek/Hide_And_Seek/HideAndSeek/Saved/Config/Windows/Engine.ini]
[2020.11.03-15.48.40:412][  0]LogInit: Computer: BRAYDEN-PC
[2020.11.03-15.48.40:412][  0]LogInit: User: Brayden
[2020.11.03-15.48.40:412][  0]LogInit: CPU Page size=4096, Cores=4
[2020.11.03-15.48.40:412][  0]LogInit: High frequency timer resolution =10.000000 MHz
[2020.11.03-15.48.40:412][  0]LogMemory: Memory total: Physical=15.9GB (16GB approx)
[2020.11.03-15.48.40:412][  0]LogMemory: Platform Memory Stats for Windows
[2020.11.03-15.48.40:412][  0]LogMemory: Process Physical Memory: 114.10 MB used, 114.11 MB peak
[2020.11.03-15.48.40:412][  0]LogMemory: Process Virtual Memory: 95.57 MB used, 95.57 MB peak
[2020.11.03-15.48.40:412][  0]LogMemory: Physical Memory: 9120.78 MB used,  7202.86 MB free, 16323.64 MB total
[2020.11.03-15.48.40:412][  0]LogMemory: Virtual Memory: 5128.46 MB used,  134212600.00 MB free, 134217728.00 MB total
[2020.11.03-15.48.40:419][  0]LogWindows: WindowsPlatformFeatures enabled
[2020.11.03-15.48.40:448][  0]LogInit: Physics initialised using underlying interface: PhysX
[2020.11.03-15.48.40:449][  0]LogInit: Using OS detected language (en-US).
[2020.11.03-15.48.40:449][  0]LogInit: Using OS detected locale (en-US).
[2020.11.03-15.48.40:453][  0]LogTextLocalizationManager: No specific localization for 'en-US' exists, so the 'en' localization will be used.
[2020.11.03-15.48.40:655][  0]LogInit: Setting process to per monitor DPI aware
[2020.11.03-15.48.40:699][  0]LogSlate: New Slate User Created.  User Index 0, Is Virtual User: 0
[2020.11.03-15.48.40:699][  0]LogSlate: Slate User Registered.  User Index 0, Is Virtual User: 0
[2020.11.03-15.48.40:864][  0]LogHMD: Failed to initialize OpenVR with code 110
[2020.11.03-15.48.40:864][  0]LogD3D11RHI: D3D11 min allowed feature level: 11_0
[2020.11.03-15.48.40:864][  0]LogD3D11RHI: D3D11 max allowed feature level: 11_0
[2020.11.03-15.48.40:864][  0]LogD3D11RHI: D3D11 adapters:
[2020.11.03-15.48.40:946][  0]LogD3D11RHI:    0. 'NVIDIA GeForce GTX 670' (Feature Level 11_0)
[2020.11.03-15.48.40:946][  0]LogD3D11RHI:       4052/0/8161 MB DedicatedVideo/DedicatedSystem/SharedSystem, Outputs:2, VendorId:0x10de
[2020.11.03-15.48.40:950][  0]LogD3D11RHI:    1. 'Microsoft Basic Render Driver' (Feature Level 11_0)
[2020.11.03-15.48.40:950][  0]LogD3D11RHI:       0/0/8161 MB DedicatedVideo/DedicatedSystem/SharedSystem, Outputs:0, VendorId:0x1414
[2020.11.03-15.48.40:950][  0]LogD3D11RHI: Chosen D3D11 Adapter: 0
[2020.11.03-15.48.40:957][  0]LogD3D11RHI: Creating new Direct3DDevice
[2020.11.03-15.48.40:957][  0]LogD3D11RHI:     GPU DeviceId: 0x1189 (for the marketing name, search the web for "GPU Device Id")
[2020.11.03-15.48.40:957][  0]LogWindows: EnumDisplayDevices:
[2020.11.03-15.48.40:957][  0]LogWindows:    0. 'NVIDIA GeForce GTX 670' (P:1 D:1)
[2020.11.03-15.48.40:958][  0]LogWindows:    1. 'NVIDIA GeForce GTX 670' (P:0 D:1)
[2020.11.03-15.48.40:958][  0]LogWindows:    2. 'NVIDIA GeForce GTX 670' (P:0 D:0)
[2020.11.03-15.48.40:959][  0]LogWindows:    3. 'NVIDIA GeForce GTX 670' (P:0 D:0)
[2020.11.03-15.48.40:959][  0]LogWindows: DebugString: FoundDriverCount:4 
[2020.11.03-15.48.40:959][  0]LogD3D11RHI:     Adapter Name: NVIDIA GeForce GTX 670
[2020.11.03-15.48.40:959][  0]LogD3D11RHI:   Driver Version: 432.00 (internal:26.21.14.3200, unified:432.00)
[2020.11.03-15.48.40:959][  0]LogD3D11RHI:      Driver Date: 7-24-2019
[2020.11.03-15.48.40:959][  0]LogRHI: Texture pool is 2836 MB (70% of 4052 MB)
[2020.11.03-15.48.41:018][  0]LogD3D11RHI: RHI does not have support for 64 bit atomics
[2020.11.03-15.48.41:020][  0]LogD3D11RHI: [Aftermath] Enabled and primed
[2020.11.03-15.48.41:020][  0]LogD3D11RHI: Async texture creation enabled
[2020.11.03-15.48.41:047][  0]LogD3D11RHI: GPU Timing Frequency: 1000.000000 (Debug: 2 2)
[2020.11.03-15.48.41:380][  0]LogTargetPlatformManager: Display: Loaded TargetPlatform 'AllDesktop'
[2020.11.03-15.48.41:407][  0]LogTargetPlatformManager: Display: Loaded TargetPlatform 'Android'
[2020.11.03-15.48.41:407][  0]LogTargetPlatformManager: Display: Loaded TargetPlatform 'Android_ASTC'
[2020.11.03-15.48.41:407][  0]LogTargetPlatformManager: Display: Loaded TargetPlatform 'Android_DXT'
[2020.11.03-15.48.41:407][  0]LogTargetPlatformManager: Display: Loaded TargetPlatform 'Android_ETC2'
[2020.11.03-15.48.41:407][  0]LogTargetPlatformManager: Display: Loaded TargetPlatform 'AndroidClient'
[2020.11.03-15.48.41:407][  0]LogTargetPlatformManager: Display: Loaded TargetPlatform 'Android_ASTCClient'
[2020.11.03-15.48.41:407][  0]LogTargetPlatformManager: Display: Loaded TargetPlatform 'Android_DXTClient'
[2020.11.03-15.48.41:407][  0]LogTargetPlatformManager: Display: Loaded TargetPlatform 'Android_ETC2Client'
[2020.11.03-15.48.41:407][  0]LogTargetPlatformManager: Display: Loaded TargetPlatform 'Android_Multi'
[2020.11.03-15.48.41:407][  0]LogTargetPlatformManager: Display: Loaded TargetPlatform 'Android_MultiClient'
[2020.11.03-15.48.41:433][  0]LogTargetPlatformManager: Display: Loaded TargetPlatform 'IOSClient'
[2020.11.03-15.48.41:433][  0]LogTargetPlatformManager: Display: Loaded TargetPlatform 'IOS'
[2020.11.03-15.48.41:445][  0]LogTargetPlatformManager: Display: Loaded TargetPlatform 'Linux'
[2020.11.03-15.48.41:456][  0]LogTargetPlatformManager: Display: Loaded TargetPlatform 'LinuxNoEditor'
[2020.11.03-15.48.41:467][  0]LogTargetPlatformManager: Display: Loaded TargetPlatform 'LinuxClient'
[2020.11.03-15.48.41:477][  0]LogTargetPlatformManager: Display: Loaded TargetPlatform 'LinuxServer'
[2020.11.03-15.48.41:488][  0]LogTargetPlatformManager: Display: Loaded TargetPlatform 'LinuxAArch64NoEditor'
[2020.11.03-15.48.41:499][  0]LogTargetPlatformManager: Display: Loaded TargetPlatform 'LinuxAArch64Client'
[2020.11.03-15.48.41:510][  0]LogTargetPlatformManager: Display: Loaded TargetPlatform 'LinuxAArch64Server'
[2020.11.03-15.48.41:542][  0]LogTargetPlatformManager: Display: Loaded TargetPlatform 'Lumin'
[2020.11.03-15.48.41:542][  0]LogTargetPlatformManager: Display: Loaded TargetPlatform 'LuminClient'
[2020.11.03-15.48.41:562][  0]LogTargetPlatformManager: Display: Loaded TargetPlatform 'TVOSClient'
[2020.11.03-15.48.41:562][  0]LogTargetPlatformManager: Display: Loaded TargetPlatform 'TVOS'
[2020.11.03-15.48.41:573][  0]LogTargetPlatformManager: Display: Loaded TargetPlatform 'WindowsNoEditor'
[2020.11.03-15.48.41:584][  0]LogTargetPlatformManager: Display: Loaded TargetPlatform 'Windows'
[2020.11.03-15.48.41:595][  0]LogTargetPlatformManager: Display: Loaded TargetPlatform 'WindowsClient'
[2020.11.03-15.48.41:605][  0]LogTargetPlatformManager: Display: Loaded TargetPlatform 'WindowsServer'
[2020.11.03-15.48.41:606][  0]LogTargetPlatformManager: Display: Building Assets For Windows
[2020.11.03-15.48.41:614][  0]LogAudioDebug: Display: Lib vorbis DLL was dynamically loaded.
[2020.11.03-15.48.41:682][  0]LogShaderCompilers: Guid format shader working directory is -39 characters bigger than the processId version (../../../../../../Users/Brayden/Documents/unreal/HideAndSeek/Hide_And_Seek/HideAndSeek/Intermediate/Shaders/WorkingDirectory/14276/).
[2020.11.03-15.48.41:682][  0]LogShaderCompilers: Cleaned the shader compiler working directory 'C:/Users/Brayden/AppData/Local/Temp/UnrealShaderWorkingDir/96EE086A441AF51AB4E9B39BA7BF1454/'.
[2020.11.03-15.48.41:683][  0]LogXGEController: Cannot use XGE Controller as Incredibuild is not installed on this machine.
[2020.11.03-15.48.41:683][  0]LogShaderCompilers: Cannot use XGE Shader Compiler as Incredibuild is not installed on this machine.
[2020.11.03-15.48.41:683][  0]LogShaderCompilers: Display: Using Local Shader Compiler.
[2020.11.03-15.48.42:537][  0]LogDerivedDataCache: Display: Max Cache Size: 512 MB
[2020.11.03-15.48.42:596][  0]LogDerivedDataCache: Loaded boot cache 0.06s 76MB C:/Users/Brayden/AppData/Local/UnrealEngine/4.25/DerivedDataCache/Boot.ddc.
[2020.11.03-15.48.42:597][  0]LogDerivedDataCache: Display: Loaded Boot cache: C:/Users/Brayden/AppData/Local/UnrealEngine/4.25/DerivedDataCache/Boot.ddc
[2020.11.03-15.48.42:597][  0]LogDerivedDataCache: FDerivedDataBackendGraph:  Pak pak cache file ../../../../../../Users/Brayden/Documents/unreal/HideAndSeek/Hide_And_Seek/HideAndSeek/DerivedDataCache/DDC.ddp not found, will not use a pak cache.
[2020.11.03-15.48.42:597][  0]LogDerivedDataCache: Unable to find inner node Pak for hierarchical cache Hierarchy.
[2020.11.03-15.48.42:597][  0]LogDerivedDataCache: FDerivedDataBackendGraph:  CompressedPak pak cache file ../../../../../../Users/Brayden/Documents/unreal/HideAndSeek/Hide_And_Seek/HideAndSeek/DerivedDataCache/Compressed.ddp not found, will not use a pak cache.
[2020.11.03-15.48.42:597][  0]LogDerivedDataCache: Unable to find inner node CompressedPak for hierarchical cache Hierarchy.
[2020.11.03-15.48.42:607][  0]LogDerivedDataCache: Display: Pak cache opened for reading ../../../Engine/DerivedDataCache/Compressed.ddp.
[2020.11.03-15.48.42:607][  0]LogDerivedDataCache: FDerivedDataBackendGraph:  EnterprisePak pak cache file ../../../Enterprise/DerivedDataCache/Compressed.ddp not found, will not use a pak cache.
[2020.11.03-15.48.42:607][  0]LogDerivedDataCache: Unable to find inner node EnterprisePak for hierarchical cache Hierarchy.
[2020.11.03-15.48.42:609][  0]LogDerivedDataCache: Using Local data cache path C:/Users/Brayden/AppData/Local/UnrealEngine/Common/DerivedDataCache: Writable
[2020.11.03-15.48.42:609][  0]LogDerivedDataCache: Shared data cache path not found in *engine.ini, will not use an Shared cache.
[2020.11.03-15.48.42:609][  0]LogDerivedDataCache: Unable to find inner node Shared for hierarchical cache Hierarchy.
[2020.11.03-15.48.42:666][  0]LogSlate: Using FreeType 2.10.0
[2020.11.03-15.48.42:666][  0]LogSlate: SlateFontServices - WITH_FREETYPE: 1, WITH_HARFBUZZ: 1
[2020.11.03-15.48.42:695][  0]LogAssetRegistry: FAssetRegistry took 0.0026 seconds to start up
[2020.11.03-15.48.42:949][  0]LogInit: Selected Device Profile: [Windows]
[2020.11.03-15.48.43:072][  0]LogMeshReduction: Using QuadricMeshReduction for automatic static mesh reduction
[2020.11.03-15.48.43:072][  0]LogMeshReduction: Using SimplygonMeshReduction for automatic skeletal mesh reduction
[2020.11.03-15.48.43:072][  0]LogMeshReduction: Using ProxyLODMeshReduction for automatic mesh merging
[2020.11.03-15.48.43:072][  0]LogMeshReduction: No distributed automatic mesh merging module available
[2020.11.03-15.48.43:072][  0]LogMeshMerging: No distributed automatic mesh merging module available
[2020.11.03-15.48.43:093][  0]LogNetVersion: HideAndSeek 1.0.0, NetCL: 13144385, EngineNetVer: 14, GameNetVer: 0 (Checksum: 1749830649)
[2020.11.03-15.48.43:588][  0]LogAISub: UAISubsystem::UAISubsystem AISubsystem (000001F891CD1BC0), frame # 0
[2020.11.03-15.48.43:588][  0]LogAISub: UAISubsystem::UAISubsystem AIPerceptionSystem (000001F891C16AC0), frame # 0
[2020.11.03-15.48.43:589][  0]LogAISub: UAISubsystem::UAISubsystem EnvQueryManager (000001F891C5DE00), frame # 0
[2020.11.03-15.48.43:662][  0]LogPackageLocalizationCache: Processed 19 localized package path(s) for 1 prioritized culture(s) in 0.066465 seconds
[2020.11.03-15.48.43:668][  0]LogUObjectArray: 15917 objects as part of root set at end of initial load.
[2020.11.03-15.48.43:668][  0]LogUObjectAllocator: 3965568 out of 0 bytes used by permanent object pool.
[2020.11.03-15.48.43:668][  0]LogUObjectArray: CloseDisregardForGC: 0/0 objects in disregard for GC pool
[2020.11.03-15.48.44:016][  0]LogTcpMessaging: Initializing TcpMessaging bridge
[2020.11.03-15.48.44:020][  0]LogUdpMessaging: Initializing bridge on interface 0.0.0.0:0 to multicast group 230.0.0.1:6666.
[2020.11.03-15.48.44:109][  0]SourceControl: Source control is disabled
[2020.11.03-15.48.44:109][  0]SourceControl: Source control is disabled
[2020.11.03-15.48.44:111][  0]SourceControl: Source control is disabled
[2020.11.03-15.48.44:114][  0]SourceControl: Source control is disabled
[2020.11.03-15.48.44:121][  0]SourceControl: Source control is disabled
[2020.11.03-15.48.44:373][  0]LogAndroidPermission: UAndroidPermissionCallbackProxy::GetInstance
[2020.11.03-15.48.44:393][  0]LogAudioCaptureCore: Display: No Audio Capture implementations found. Audio input will be silent.
[2020.11.03-15.48.44:393][  0]LogAudioCaptureCore: Display: No Audio Capture implementations found. Audio input will be silent.
[2020.11.03-15.48.44:446][  0]LogOcInput: OculusInput pre-init called
[2020.11.03-15.48.44:459][  0]LogWindows: Failed to load 'OVRPlugin.dll' (GetLastError=126)
[2020.11.03-15.48.44:459][  0]LogWindows: File 'OVRPlugin.dll' does not exist
[2020.11.03-15.48.44:535][  0]LogEngine: Initializing Engine...
[2020.11.03-15.48.44:536][  0]LogHMD: Failed to initialize OpenVR with code 110
[2020.11.03-15.48.44:536][  0]LogMagicLeap: Warning: VR disabled because ZI is not enabled.  To enable, in the editor, Edit -> Project Settings -> Plugins -> Magic Leap Plugin -> Enable Zero Iteration
[2020.11.03-15.48.44:537][  0]LogStats: UGameplayTagsManager::InitializeManager -  0.000 s
[2020.11.03-15.48.44:700][  0]LogInit: Initializing FReadOnlyCVARCache
[2020.11.03-15.48.44:708][  0]LogAIModule: Creating AISystem for world Untitled
[2020.11.03-15.48.44:708][  0]LogAISub: UAISubsystem::UAISubsystem EnvQueryManager (000001F894FA3C00), frame # 0
[2020.11.03-15.48.44:708][  0]LogAISub: UAISubsystem::UAISubsystem AIPerceptionSystem (000001F894FC3380), frame # 0
[2020.11.03-15.48.44:712][  0]LogAudioMixer: Display: Audio Mixer Platform Settings:
[2020.11.03-15.48.44:712][  0]LogAudioMixer: Display: 	Sample Rate:						  48000
[2020.11.03-15.48.44:712][  0]LogAudioMixer: Display: 	Callback Buffer Frame Size Requested: 1024
[2020.11.03-15.48.44:712][  0]LogAudioMixer: Display: 	Callback Buffer Frame Size To Use:	  1024
[2020.11.03-15.48.44:712][  0]LogAudioMixer: Display: 	Number of buffers to queue:			  2
[2020.11.03-15.48.44:712][  0]LogAudioMixer: Display: 	Max Channels (voices):				  32
[2020.11.03-15.48.44:712][  0]LogAudioMixer: Display: 	Number of Async Source Workers:		  0
[2020.11.03-15.48.44:712][  0]LogAudio: Display: AudioDevice MaxSources: 32
[2020.11.03-15.48.44:712][  0]LogAudio: Display: Using built-in audio occlusion.
[2020.11.03-15.48.44:712][  0]LogAudioMixer: Display: Initializing audio mixer.
[2020.11.03-15.48.44:732][  0]LogAudioMixer: Display: 0: FrontLeft
[2020.11.03-15.48.44:732][  0]LogAudioMixer: Display: 1: FrontRight
[2020.11.03-15.48.44:778][  0]LogAudioMixer: Display: Using Audio Device Speakers / Headphones (Realtek High Definition Audio)
[2020.11.03-15.48.44:778][  0]LogAudioMixer: Display: Initializing Sound Submixes...
[2020.11.03-15.48.44:781][  0]LogAudioMixer: Display: Creating Master Submix 'MasterSubmixDefault'
[2020.11.03-15.48.44:781][  0]LogAudioMixer: Display: Creating Master Submix 'MasterReverbSubmixDefault'
[2020.11.03-15.48.44:783][  0]LogAudioMixer: Display: Creating Master Submix 'MasterEQSubmixDefault'
[2020.11.03-15.48.44:787][  0]LogInit: FAudioDevice initialized.
[2020.11.03-15.48.44:788][  0]LogNetVersion: Set ProjectVersion to 1.0.0.0. Version Checksum will be recalculated on next use.
[2020.11.03-15.48.44:905][  0]LogDerivedDataCache: Saved boot cache 0.12s 76MB C:/Users/Brayden/AppData/Local/UnrealEngine/4.25/DerivedDataCache/Boot.ddc.
[2020.11.03-15.48.44:909][  0]LogInit: Texture streaming: Enabled
[2020.11.03-15.48.44:927][  0]LogEngineSessionManager: EngineSessionManager initialized
[2020.11.03-15.48.44:927][  0]LogEditorSessionSummary: Verbose: Initializing EditorSessionSummaryWriter for editor session tracking
[2020.11.03-15.48.44:934][  0]LogEditorSessionSummary: EditorSessionSummaryWriter initialized
[2020.11.03-15.48.44:992][  0]LogInit: Transaction tracking system initialized
[2020.11.03-15.48.45:013][  0]BlueprintLog: New page: Editor Load
[2020.11.03-15.48.45:080][  0]LocalizationService: Localization service is disabled
[2020.11.03-15.48.45:241][  0]LogCook: Display: Max memory allowance for cook 16384mb min free memory 0mb
[2020.11.03-15.48.45:241][  0]LogCook: Display: Mobile HDR setting 1
[2020.11.03-15.48.45:370][  0]LogFileCache: Scanning file cache for directory 'C:/Users/Brayden/Documents/unreal/HideAndSeek/Hide_And_Seek/HideAndSeek/Content/' took 0.00s
[2020.11.03-15.48.45:614][  0]SourceControl: Source control is disabled
[2020.11.03-15.48.45:614][  0]LogUnrealEdMisc: Loading editor; pre map load, took 6.902
[2020.11.03-15.48.45:614][  0]Cmd: MAP LOAD FILE="../../../../../../Users/Brayden/Documents/unreal/HideAndSeek/Hide_And_Seek/HideAndSeek/Content/ThirdPersonBP/Maps/ThirdPersonExampleMap.umap" TEMPLATE=0 SHOWPROGRESS=1 FEATURELEVEL=3
[2020.11.03-15.48.45:615][  0]LightingResults: New page: Lighting Build
[2020.11.03-15.48.45:615][  0]LogWorld: UWorld::CleanupWorld for Untitled, bSessionEnded=true, bCleanupResources=true
[2020.11.03-15.48.45:616][  0]LogSlate: InvalidateAllWidgets triggered.  All widgets were invalidated
[2020.11.03-15.48.45:616][  0]MapCheck: New page: Map Check
[2020.11.03-15.48.45:616][  0]LightingResults: New page: Lighting Build
[2020.11.03-15.48.45:625][  0]LogAISub: UAISubsystem::~UAISubsystem EnvQueryManager (000001F894FA3C00), frame # 0
[2020.11.03-15.48.45:625][  0]LogAISub: UAISubsystem::~UAISubsystem AIPerceptionSystem (000001F894FC3380), frame # 0
[2020.11.03-15.48.45:625][  0]LogUObjectHash: Compacting FUObjectHashTables data took   0.78ms
[2020.11.03-15.48.45:908][  0]LogAIModule: Creating AISystem for world ThirdPersonExampleMap
[2020.11.03-15.48.45:908][  0]LogAISub: UAISubsystem::UAISubsystem EnvQueryManager (000001F8833D0200), frame # 0
[2020.11.03-15.48.45:908][  0]LogAISub: UAISubsystem::UAISubsystem AIPerceptionSystem (000001F8834196C0), frame # 0
[2020.11.03-15.48.45:916][  0]LogEditorServer: Finished looking for orphan Actors (0.000 secs)
[2020.11.03-15.48.45:930][  0]LogUObjectHash: Compacting FUObjectHashTables data took   0.97ms
[2020.11.03-15.48.45:930][  0]Cmd: MAP CHECKDEP NOCLEARLOG
[2020.11.03-15.48.45:930][  0]MapCheck: Map check complete: 0 Error(s), 0 Warning(s), took 0.216ms to complete.
[2020.11.03-15.48.45:930][  0]LogFileHelpers: Loading map 'ThirdPersonExampleMap' took 0.316
[2020.11.03-15.48.45:932][  0]LogUnrealEdMisc: Total Editor Startup Time, took 7.219
[2020.11.03-15.48.46:065][  0]LogSlate: Updating window title bar state: overlay mode, drag disabled, window buttons hidden, title bar hidden
[2020.11.03-15.48.46:074][  0]LogSlate: Updating window title bar state: overlay mode, drag disabled, window buttons hidden, title bar hidden
[2020.11.03-15.48.46:082][  0]LogSlate: Updating window title bar state: overlay mode, drag disabled, window buttons hidden, title bar hidden
[2020.11.03-15.48.46:090][  0]LogSlate: Updating window title bar state: overlay mode, drag disabled, window buttons hidden, title bar hidden
[2020.11.03-15.48.46:098][  0]LogCollectionManager: Loaded 0 collections in 0.001014 seconds
[2020.11.03-15.48.46:114][  0]LogFileCache: Scanning file cache for directory 'C:/Users/Brayden/Documents/unreal/HideAndSeek/Hide_And_Seek/HideAndSeek/Saved/Collections/' took 0.00s
[2020.11.03-15.48.46:114][  0]LogFileCache: Scanning file cache for directory 'C:/Users/Brayden/Documents/unreal/HideAndSeek/Hide_And_Seek/HideAndSeek/Content/Developers/Brayden/Collections/' took 0.00s
[2020.11.03-15.48.46:114][  0]LogFileCache: Scanning file cache for directory 'C:/Users/Brayden/Documents/unreal/HideAndSeek/Hide_And_Seek/HideAndSeek/Content/Collections/' took 0.00s
[2020.11.03-15.48.46:114][  0]LogContentBrowser: Native class hierarchy populated in 0.0095 seconds. Added 3427 classes and 821 folders.
[2020.11.03-15.48.46:116][  0]LogContentBrowser: Native class hierarchy updated for 'WidgetCarousel' in 0.0003 seconds. Added 0 classes and 0 folders.
[2020.11.03-15.48.46:181][  0]LogContentBrowser: Native class hierarchy updated for 'AddContentDialog' in 0.0004 seconds. Added 0 classes and 0 folders.
[2020.11.03-15.48.46:182][  0]LogContentBrowser: Native class hierarchy updated for 'SceneOutliner' in 0.0003 seconds. Added 2 classes and 0 folders.
[2020.11.03-15.48.46:313][  0]LogSlate: Took 0.000190 seconds to synchronously load lazily loaded font '../../../Engine/Content/Slate/Fonts/Roboto-Regular.ttf' (155K)
[2020.11.03-15.48.46:315][  0]LogSlate: Took 0.000221 seconds to synchronously load lazily loaded font '../../../Engine/Content/Slate/Fonts/Roboto-Bold.ttf' (160K)
[2020.11.03-15.48.46:320][  0]LogSlate: Took 0.000171 seconds to synchronously load lazily loaded font '../../../Engine/Content/Editor/Slate/Fonts/FontAwesome.ttf' (139K)
[2020.11.03-15.48.46:407][  0]LogRenderer: Reallocating scene render targets to support 1028x664 Format 10 NumSamples 1 (Frame:1).
[2020.11.03-15.48.46:467][  0]LogSlate: Took 0.000147 seconds to synchronously load lazily loaded font '../../../Engine/Content/Slate/Fonts/Roboto-Light.ttf' (167K)
[2020.11.03-15.48.46:536][  0]LogContentBrowser: Native class hierarchy updated for 'HierarchicalLODOutliner' in 0.0003 seconds. Added 0 classes and 0 folders.
[2020.11.03-15.48.46:536][  0]LogLoad: (Engine Initialization) Total time: 7.82 seconds
[2020.11.03-15.48.46:536][  0]LogLoad: (Engine Initialization) Total Blueprint compile time: 0.00 seconds
[2020.11.03-15.48.46:638][  0]LogAssetRegistry: Asset discovery search completed in 3.9430 seconds
[2020.11.03-15.48.46:642][  0]LogCollectionManager: Fixed up redirectors for 0 collections in 0.000003 seconds (updated 0 objects)
[2020.11.03-15.48.46:643][  0]LogContentStreaming: Texture pool size now 1000 MB
[2020.11.03-15.49.18:572][904]LogSlate: Took 0.000247 seconds to synchronously load lazily loaded font '../../../Engine/Content/Slate/Fonts/Roboto-Light.ttf' (167K)
[2020.11.03-15.49.18:589][904]LogAssetEditorSubsystem: Opening Asset editor for Blueprint /Game/BTService_SetWaitingSpace.BTService_SetWaitingSpace
[2020.11.03-15.49.18:837][904]LogContentBrowser: Native class hierarchy updated for 'BlueprintGraph' in 0.0006 seconds. Added 125 classes and 0 folders.
[2020.11.03-15.49.19:836][904]LogSlate: Took 0.000193 seconds to synchronously load lazily loaded font '../../../Engine/Content/Slate/Fonts/Roboto-BoldCondensed.ttf' (158K)
[2020.11.03-15.49.19:873][905]LogSlate: Took 0.000221 seconds to synchronously load lazily loaded font '../../../Engine/Content/Slate/Fonts/Roboto-Italic.ttf' (157K)
[2020.11.03-15.49.28:556][804]LogAssetEditorSubsystem: Opening Asset editor for Blueprint /Game/BTTask_FindPlayerLocation.BTTask_FindPlayerLocation
[2020.11.03-15.49.58:821][888]LogAssetEditorSubsystem: Opening Asset editor for BehaviorTree /Game/BTMyAi.BTMyAi
[2020.11.03-15.52.20:166][195]Cmd: OBJ SAVEPACKAGE PACKAGE="/Game/BTMyAi" FILE="../../../../../../Users/Brayden/Documents/unreal/HideAndSeek/Hide_And_Seek/HideAndSeek/Content/BTMyAi.uasset" SILENT=true
[2020.11.03-15.52.20:201][195]LogSavePackage: Moving '../../../../../../Users/Brayden/Documents/unreal/HideAndSeek/Hide_And_Seek/HideAndSeek/Saved/BTMyAi829EA815460E48A251DD8DBEF5D55D54.tmp' to '../../../../../../Users/Brayden/Documents/unreal/HideAndSeek/Hide_And_Seek/HideAndSeek/Content/BTMyAi.uasset'
[2020.11.03-15.52.20:223][195]AssetCheck: New page: Asset Save: BTMyAi
[2020.11.03-15.52.20:223][195]LogContentValidation: Display: Validating BehaviorTree /Game/BTMyAi.BTMyAi
[2020.11.03-15.52.26:517][824]LogAssetEditorSubsystem: Opening Asset editor for Blueprint /Game/BpMyAiContorller.BpMyAiContorller
[2020.11.03-15.53.18:131][ 92]LogAssetEditorSubsystem: Opening Asset editor for Blueprint /Game/BpMyAi.BpMyAi
[2020.11.03-15.54.07:881][970]LogEditorTransaction: Undo Move Node
[2020.11.03-15.54.09:862][143]LogEditorTransaction: Undo Delete current selection
[2020.11.03-15.54.12:029][368]LogEditorTransaction: Undo Move Node
[2020.11.03-15.54.13:248][489]LogEditorTransaction: Undo Add Node
[2020.11.03-15.54.14:458][610]LogEditorTransaction: Undo Move Nodes
[2020.11.03-15.55.47:822][ 32]BlueprintLog: New page: Compile BTService_SetWaitingSpace
[2020.11.03-15.55.47:824][ 32]LogBlueprint: Error: [Compiler BTService_SetWaitingSpace] Can't connect pins  Controlled Actor  and  Self : Actor Object Reference is not compatible with Self Object Reference.
[2020.11.03-15.55.47:824][ 32]LogBlueprint: Error: [Compiler BTService_SetWaitingSpace] Can't connect pins  Self  and  Controlled Actor : Self Object Reference is not compatible with Actor Object Reference.
[2020.11.03-15.55.47:876][ 32]LogUObjectHash: Compacting FUObjectHashTables data took   2.74ms
[2020.11.03-15.55.47:921][ 32]LogSlate: Took 0.000280 seconds to synchronously load lazily loaded font '../../../Engine/Content/Slate/Fonts/DroidSansMono.ttf' (77K)
[2020.11.03-15.57.40:795][406]LogAssetEditorSubsystem: Opening Asset editor for Blueprint /Game/BTService_SetRandomLocation.BTService_SetRandomLocation
[2020.11.03-15.58.02:125][497]LogUObjectHash: Compacting FUObjectHashTables data took   2.58ms
[2020.11.03-15.58.02:173][497]LogSavePackage: Moving '../../../../../../Users/Brayden/Documents/unreal/HideAndSeek/Hide_And_Seek/HideAndSeek/Saved/BTService_SetWaitingSpace02F85526427BC2226714899D79EE5521.tmp' to '../../../../../../Users/Brayden/Documents/unreal/HideAndSeek/Hide_And_Seek/HideAndSeek/Content/BTService_SetWaitingSpace.uasset'
[2020.11.03-15.58.02:185][497]AssetCheck: New page: Asset Save: BTService_SetWaitingSpace
[2020.11.03-15.58.02:185][497]LogContentValidation: Display: Validating Blueprint /Game/BTService_SetWaitingSpace.BTService_SetWaitingSpace
[2020.11.03-15.59.01:647][725]LogSlate: Window 'BTService_SetRandomLocation' being destroyed
[2020.11.03-15.59.01:654][725]LogSlate: Window 'BTService_SetRandomLocation' being destroyed
[2020.11.03-15.59.01:654][725]LogWorld: UWorld::CleanupWorld for World_1, bSessionEnded=true, bCleanupResources=true
[2020.11.03-15.59.01:654][725]LogSlate: InvalidateAllWidgets triggered.  All widgets were invalidated
[2020.11.03-15.59.01:722][725]LogWorld: UWorld::CleanupWorld for World_2, bSessionEnded=true, bCleanupResources=true
[2020.11.03-15.59.01:722][725]LogSlate: InvalidateAllWidgets triggered.  All widgets were invalidated
[2020.11.03-15.59.01:807][725]LogWorld: UWorld::CleanupWorld for World_3, bSessionEnded=true, bCleanupResources=true
[2020.11.03-15.59.01:807][725]LogSlate: InvalidateAllWidgets triggered.  All widgets were invalidated
[2020.11.03-15.59.01:863][725]LogActorComponent: UnregisterComponent: (/Engine/Transient.EditorFloorComp) Not registered. Aborting.
[2020.11.03-15.59.01:863][725]LogWorld: UWorld::CleanupWorld for World_4, bSessionEnded=true, bCleanupResources=true
[2020.11.03-15.59.01:863][725]LogSlate: InvalidateAllWidgets triggered.  All widgets were invalidated
[2020.11.03-15.59.01:925][725]LogWorld: UWorld::CleanupWorld for World_5, bSessionEnded=true, bCleanupResources=true
[2020.11.03-15.59.01:925][725]LogSlate: InvalidateAllWidgets triggered.  All widgets were invalidated
[2020.11.03-16.00.57:554][446]LogAssetEditorSubsystem: Opening Asset editor for BehaviorTree /Game/BTMyAi.BTMyAi
[2020.11.03-16.01.01:402][813]LogAssetEditorSubsystem: Opening Asset editor for Blueprint /Game/BpMyAiContorller.BpMyAiContorller
[2020.11.03-16.01.02:519][866]LogAssetEditorSubsystem: Opening Asset editor for Blueprint /Game/BpMyAi.BpMyAi
[2020.11.03-16.02.28:401][935]LogAssetEditorSubsystem: Opening Asset editor for Blueprint /Game/BTService_SetWaitingSpace.BTService_SetWaitingSpace
[2020.11.03-16.02.47:345][977]BlueprintLog: New page: Compile BTService_SetWaitingSpace
[2020.11.03-16.02.47:347][977]LogBlueprint: Error: [Compiler BTService_SetWaitingSpace] This blueprint (self) is not a BlackboardComponent, therefore ' Target ' must have a connection.
[2020.11.03-16.02.47:347][977]LogBlueprint: Error: [Compiler BTService_SetWaitingSpace] The current value (None) of the ' Key Name ' pin is invalid: 'Key Name' in action 'Set Value as Bool' must have an input wired into it ("by ref" params expect a valid input to operate on).
[2020.11.03-16.02.47:396][977]LogUObjectHash: Compacting FUObjectHashTables data took   2.34ms
[2020.11.03-16.03.22:468][922]BlueprintLog: New page: Compile BTService_SetWaitingSpace
[2020.11.03-16.03.22:512][922]LogUObjectHash: Compacting FUObjectHashTables data took   2.91ms
[2020.11.03-16.03.23:448][ 19]LogSavePackage: Moving '../../../../../../Users/Brayden/Documents/unreal/HideAndSeek/Hide_And_Seek/HideAndSeek/Saved/BTService_SetWaitingSpace19BCCA1E49657418352171B44BA19785.tmp' to '../../../../../../Users/Brayden/Documents/unreal/HideAndSeek/Hide_And_Seek/HideAndSeek/Content/BTService_SetWaitingSpace.uasset'
[2020.11.03-16.03.23:465][ 19]AssetCheck: New page: Asset Save: BTService_SetWaitingSpace
[2020.11.03-16.03.23:465][ 19]LogContentValidation: Display: Validating Blueprint /Game/BTService_SetWaitingSpace.BTService_SetWaitingSpace
[2020.11.03-16.03.28:115][545]LogTemp: Repeating last play command: Selected Viewport
[2020.11.03-16.03.28:137][545]LogPlayLevel: PlayLevel: No blueprints needed recompiling
[2020.11.03-16.03.28:138][545]PIE: New page: PIE session: ThirdPersonExampleMap (Nov 3, 2020, 4:03:28 AM)
[2020.11.03-16.03.28:139][545]LogOnline: OSS: Creating online subsystem instance for: NULL
[2020.11.03-16.03.28:141][545]LogOnline: OSS: TryLoadSubsystemAndSetDefault: Loaded subsystem for module [NULL]
[2020.11.03-16.03.28:141][545]LogPlayLevel: Creating play world package: /Game/ThirdPersonBP/Maps/UEDPIE_0_ThirdPersonExampleMap
[2020.11.03-16.03.28:157][545]LogPlayLevel: PIE: StaticDuplicateObject took: (0.016410s)
[2020.11.03-16.03.28:159][545]LogAIModule: Creating AISystem for world ThirdPersonExampleMap
[2020.11.03-16.03.28:159][545]LogAISub: UAISubsystem::UAISubsystem EnvQueryManager (000001F920C87E00), frame # 77545
[2020.11.03-16.03.28:159][545]LogAISub: UAISubsystem::UAISubsystem AIPerceptionSystem (000001F8839F87C0), frame # 77545
[2020.11.03-16.03.28:159][545]LogPlayLevel: PIE: World Init took: (0.001995s)
[2020.11.03-16.03.28:159][545]LogPlayLevel: PIE: Created PIE world by copying editor world from /Game/ThirdPersonBP/Maps/ThirdPersonExampleMap.ThirdPersonExampleMap to /Game/ThirdPersonBP/Maps/UEDPIE_0_ThirdPersonExampleMap.ThirdPersonExampleMap (0.018575s)
[2020.11.03-16.03.28:190][545]LogUObjectHash: Compacting FUObjectHashTables data took   2.48ms
[2020.11.03-16.03.28:191][545]LogAudioMixer: Display: Audio Mixer Platform Settings:
[2020.11.03-16.03.28:191][545]LogAudioMixer: Display: 	Sample Rate:						  48000
[2020.11.03-16.03.28:191][545]LogAudioMixer: Display: 	Callback Buffer Frame Size Requested: 1024
[2020.11.03-16.03.28:191][545]LogAudioMixer: Display: 	Callback Buffer Frame Size To Use:	  1024
[2020.11.03-16.03.28:191][545]LogAudioMixer: Display: 	Number of buffers to queue:			  2
[2020.11.03-16.03.28:191][545]LogAudioMixer: Display: 	Max Channels (voices):				  32
[2020.11.03-16.03.28:191][545]LogAudioMixer: Display: 	Number of Async Source Workers:		  0
[2020.11.03-16.03.28:191][545]LogAudio: Display: AudioDevice MaxSources: 32
[2020.11.03-16.03.28:191][545]LogAudio: Display: Using built-in audio occlusion.
[2020.11.03-16.03.28:191][545]LogAudioMixer: Display: Initializing audio mixer.
[2020.11.03-16.03.28:196][545]LogAudioMixer: Display: 0: FrontLeft
[2020.11.03-16.03.28:196][545]LogAudioMixer: Display: 1: FrontRight
[2020.11.03-16.03.28:235][545]LogAudioMixer: Display: Using Audio Device Speakers / Headphones (Realtek High Definition Audio)
[2020.11.03-16.03.28:236][545]LogAudioMixer: Display: Initializing Sound Submixes...
[2020.11.03-16.03.28:236][545]LogAudioMixer: Display: Creating Master Submix 'MasterSubmixDefault'
[2020.11.03-16.03.28:236][545]LogAudioMixer: Display: Creating Master Submix 'MasterReverbSubmixDefault'
[2020.11.03-16.03.28:236][545]LogAudioMixer: Display: Creating Master Submix 'MasterEQSubmixDefault'
[2020.11.03-16.03.28:249][545]LogInit: FAudioDevice initialized.
[2020.11.03-16.03.28:264][545]LogLoad: Game class is 'ThirdPersonGameMode_C'
[2020.11.03-16.03.28:267][545]LogWorld: Bringing World /Game/ThirdPersonBP/Maps/UEDPIE_0_ThirdPersonExampleMap.ThirdPersonExampleMap up for play (max tick rate 0) at 2020.11.03-10.03.28
[2020.11.03-16.03.28:268][545]LogWorld: Bringing up level for play took: 0.002800
[2020.11.03-16.03.28:268][545]LogOnline: OSS: Creating online subsystem instance for: :Context_10
[2020.11.03-16.03.28:284][545]LogContentBrowser: Native class hierarchy updated for 'MovieSceneCapture' in 0.0004 seconds. Added 20 classes and 0 folders.
[2020.11.03-16.03.28:286][545]PIE: Server logged in
[2020.11.03-16.03.28:287][545]PIE: Play in editor total start time 0.155 seconds.
[2020.11.03-16.03.33:349][ 99]LogBlueprintUserMessages: [BpMyAi_2] Player is not it
[2020.11.03-16.03.58:885][144]LogSlate: Updating window title bar state: overlay mode, drag disabled, window buttons hidden, title bar hidden
[2020.11.03-16.03.58:885][144]LogWorld: BeginTearingDown for /Game/ThirdPersonBP/Maps/UEDPIE_0_ThirdPersonExampleMap
[2020.11.03-16.03.58:885][144]LogWorld: UWorld::CleanupWorld for ThirdPersonExampleMap, bSessionEnded=true, bCleanupResources=true
[2020.11.03-16.03.58:886][144]LogSlate: InvalidateAllWidgets triggered.  All widgets were invalidated
[2020.11.03-16.03.58:897][144]LogPlayLevel: Display: Shutting down PIE online subsystems
[2020.11.03-16.03.58:901][144]LogSlate: InvalidateAllWidgets triggered.  All widgets were invalidated
[2020.11.03-16.03.58:954][144]LogSlate: Updating window title bar state: overlay mode, drag disabled, window buttons hidden, title bar hidden
[2020.11.03-16.03.58:966][144]LogAISub: UAISubsystem::~UAISubsystem AIPerceptionSystem (000001F8839F87C0), frame # 81144
[2020.11.03-16.03.58:966][144]LogAISub: UAISubsystem::~UAISubsystem EnvQueryManager (000001F920C87E00), frame # 81144
[2020.11.03-16.03.58:988][144]LogUObjectHash: Compacting FUObjectHashTables data took   4.23ms
[2020.11.03-16.03.59:026][145]LogPlayLevel: Display: Destroying online subsystem :Context_10
[2020.11.03-16.04.02:926][579]LogUObjectHash: Compacting FUObjectHashTables data took   3.49ms
[2020.11.03-16.04.08:121][170]LogTemp: Repeating last play command: Selected Viewport
[2020.11.03-16.04.08:143][170]LogPlayLevel: PlayLevel: No blueprints needed recompiling
[2020.11.03-16.04.08:143][170]PIE: New page: PIE session: ThirdPersonExampleMap (Nov 3, 2020, 4:04:08 AM)
[2020.11.03-16.04.08:180][170]LogPlayLevel: Creating play world package: /Game/ThirdPersonBP/Maps/UEDPIE_0_ThirdPersonExampleMap
[2020.11.03-16.04.08:195][170]LogPlayLevel: PIE: StaticDuplicateObject took: (0.014930s)
[2020.11.03-16.04.08:197][170]LogAIModule: Creating AISystem for world ThirdPersonExampleMap
[2020.11.03-16.04.08:197][170]LogAISub: UAISubsystem::UAISubsystem EnvQueryManager (000001F916E6FA00), frame # 82170
[2020.11.03-16.04.08:197][170]LogAISub: UAISubsystem::UAISubsystem AIPerceptionSystem (000001F8CCA84F40), frame # 82170
[2020.11.03-16.04.08:198][170]LogPlayLevel: PIE: World Init took: (0.002087s)
[2020.11.03-16.04.08:198][170]LogPlayLevel: PIE: Created PIE world by copying editor world from /Game/ThirdPersonBP/Maps/ThirdPersonExampleMap.ThirdPersonExampleMap to /Game/ThirdPersonBP/Maps/UEDPIE_0_ThirdPersonExampleMap.ThirdPersonExampleMap (0.017283s)
[2020.11.03-16.04.08:235][170]LogUObjectHash: Compacting FUObjectHashTables data took   2.73ms
[2020.11.03-16.04.08:237][170]LogAudioMixer: Display: Audio Mixer Platform Settings:
[2020.11.03-16.04.08:237][170]LogAudioMixer: Display: 	Sample Rate:						  48000
[2020.11.03-16.04.08:237][170]LogAudioMixer: Display: 	Callback Buffer Frame Size Requested: 1024
[2020.11.03-16.04.08:237][170]LogAudioMixer: Display: 	Callback Buffer Frame Size To Use:	  1024
[2020.11.03-16.04.08:237][170]LogAudioMixer: Display: 	Number of buffers to queue:			  2
[2020.11.03-16.04.08:237][170]LogAudioMixer: Display: 	Max Channels (voices):				  32
[2020.11.03-16.04.08:237][170]LogAudioMixer: Display: 	Number of Async Source Workers:		  0
[2020.11.03-16.04.08:237][170]LogAudio: Display: AudioDevice MaxSources: 32
[2020.11.03-16.04.08:238][170]LogAudio: Display: Using built-in audio occlusion.
[2020.11.03-16.04.08:238][170]LogAudioMixer: Display: Initializing audio mixer.
[2020.11.03-16.04.08:242][170]LogAudioMixer: Display: 0: FrontLeft
[2020.11.03-16.04.08:242][170]LogAudioMixer: Display: 1: FrontRight
[2020.11.03-16.04.08:278][170]LogAudioMixer: Display: Using Audio Device Speakers / Headphones (Realtek High Definition Audio)
[2020.11.03-16.04.08:278][170]LogAudioMixer: Display: Initializing Sound Submixes...
[2020.11.03-16.04.08:278][170]LogAudioMixer: Display: Creating Master Submix 'MasterSubmixDefault'
[2020.11.03-16.04.08:279][170]LogAudioMixer: Display: Creating Master Submix 'MasterReverbSubmixDefault'
[2020.11.03-16.04.08:279][170]LogAudioMixer: Display: Creating Master Submix 'MasterEQSubmixDefault'
[2020.11.03-16.04.08:292][170]LogInit: FAudioDevice initialized.
[2020.11.03-16.04.08:301][170]LogLoad: Game class is 'ThirdPersonGameMode_C'
[2020.11.03-16.04.08:304][170]LogWorld: Bringing World /Game/ThirdPersonBP/Maps/UEDPIE_0_ThirdPersonExampleMap.ThirdPersonExampleMap up for play (max tick rate 0) at 2020.11.03-10.04.08
[2020.11.03-16.04.08:305][170]LogWorld: Bringing up level for play took: 0.002425
[2020.11.03-16.04.08:305][170]LogOnline: OSS: Creating online subsystem instance for: :Context_11
[2020.11.03-16.04.08:309][170]PIE: Server logged in
[2020.11.03-16.04.08:310][170]PIE: Play in editor total start time 0.172 seconds.
[2020.11.03-16.04.12:692][690]LogBlueprintUserMessages: [BpMyAi_2] Player is not it
[2020.11.03-16.04.17:405][251]LogSlate: Updating window title bar state: overlay mode, drag disabled, window buttons hidden, title bar hidden
[2020.11.03-16.04.17:405][251]LogWorld: BeginTearingDown for /Game/ThirdPersonBP/Maps/UEDPIE_0_ThirdPersonExampleMap
[2020.11.03-16.04.17:405][251]LogWorld: UWorld::CleanupWorld for ThirdPersonExampleMap, bSessionEnded=true, bCleanupResources=true
[2020.11.03-16.04.17:405][251]LogSlate: InvalidateAllWidgets triggered.  All widgets were invalidated
[2020.11.03-16.04.17:413][251]LogPlayLevel: Display: Shutting down PIE online subsystems
[2020.11.03-16.04.17:417][251]LogSlate: InvalidateAllWidgets triggered.  All widgets were invalidated
[2020.11.03-16.04.17:466][251]LogSlate: Updating window title bar state: overlay mode, drag disabled, window buttons hidden, title bar hidden
[2020.11.03-16.04.17:467][251]LogAISub: UAISubsystem::~UAISubsystem AIPerceptionSystem (000001F8CCA84F40), frame # 83251
[2020.11.03-16.04.17:467][251]LogAISub: UAISubsystem::~UAISubsystem EnvQueryManager (000001F916E6FA00), frame # 83251
[2020.11.03-16.04.17:470][251]LogUObjectHash: Compacting FUObjectHashTables data took   2.78ms
[2020.11.03-16.04.17:506][252]LogPlayLevel: Display: Destroying online subsystem :Context_11
[2020.11.03-16.04.20:645][590]LogUObjectHash: Compacting FUObjectHashTables data took   2.70ms
[2020.11.03-16.08.40:735][683]LogTemp: Repeating last play command: Selected Viewport
[2020.11.03-16.08.40:757][683]LogPlayLevel: PlayLevel: No blueprints needed recompiling
[2020.11.03-16.08.40:757][683]PIE: New page: PIE session: ThirdPersonExampleMap (Nov 3, 2020, 4:08:40 AM)
[2020.11.03-16.08.40:799][683]LogPlayLevel: Creating play world package: /Game/ThirdPersonBP/Maps/UEDPIE_0_ThirdPersonExampleMap
[2020.11.03-16.08.40:814][683]LogPlayLevel: PIE: StaticDuplicateObject took: (0.014271s)
[2020.11.03-16.08.40:815][683]LogAIModule: Creating AISystem for world ThirdPersonExampleMap
[2020.11.03-16.08.40:815][683]LogAISub: UAISubsystem::UAISubsystem EnvQueryManager (000001F920D87200), frame # 84683
[2020.11.03-16.08.40:815][683]LogAISub: UAISubsystem::UAISubsystem AIPerceptionSystem (000001F8CA42BD80), frame # 84683
[2020.11.03-16.08.40:815][683]LogPlayLevel: PIE: World Init took: (0.001761s)
[2020.11.03-16.08.40:816][683]LogPlayLevel: PIE: Created PIE world by copying editor world from /Game/ThirdPersonBP/Maps/ThirdPersonExampleMap.ThirdPersonExampleMap to /Game/ThirdPersonBP/Maps/UEDPIE_0_ThirdPersonExampleMap.ThirdPersonExampleMap (0.016235s)
[2020.11.03-16.08.40:860][683]LogUObjectHash: Compacting FUObjectHashTables data took   3.12ms
[2020.11.03-16.08.40:862][683]LogAudioMixer: Display: Audio Mixer Platform Settings:
[2020.11.03-16.08.40:862][683]LogAudioMixer: Display: 	Sample Rate:						  48000
[2020.11.03-16.08.40:863][683]LogAudioMixer: Display: 	Callback Buffer Frame Size Requested: 1024
[2020.11.03-16.08.40:863][683]LogAudioMixer: Display: 	Callback Buffer Frame Size To Use:	  1024
[2020.11.03-16.08.40:863][683]LogAudioMixer: Display: 	Number of buffers to queue:			  2
[2020.11.03-16.08.40:863][683]LogAudioMixer: Display: 	Max Channels (voices):				  32
[2020.11.03-16.08.40:863][683]LogAudioMixer: Display: 	Number of Async Source Workers:		  0
[2020.11.03-16.08.40:863][683]LogAudio: Display: AudioDevice MaxSources: 32
[2020.11.03-16.08.40:863][683]LogAudio: Display: Using built-in audio occlusion.
[2020.11.03-16.08.40:863][683]LogAudioMixer: Display: Initializing audio mixer.
[2020.11.03-16.08.40:868][683]LogAudioMixer: Display: 0: FrontLeft
[2020.11.03-16.08.40:868][683]LogAudioMixer: Display: 1: FrontRight
[2020.11.03-16.08.40:906][683]LogAudioMixer: Display: Using Audio Device Speakers / Headphones (Realtek High Definition Audio)
[2020.11.03-16.08.40:906][683]LogAudioMixer: Display: Initializing Sound Submixes...
[2020.11.03-16.08.40:907][683]LogAudioMixer: Display: Creating Master Submix 'MasterSubmixDefault'
[2020.11.03-16.08.40:907][683]LogAudioMixer: Display: Creating Master Submix 'MasterReverbSubmixDefault'
[2020.11.03-16.08.40:907][683]LogAudioMixer: Display: Creating Master Submix 'MasterEQSubmixDefault'
[2020.11.03-16.08.40:919][683]LogInit: FAudioDevice initialized.
[2020.11.03-16.08.40:931][683]LogLoad: Game class is 'ThirdPersonGameMode_C'
[2020.11.03-16.08.40:934][683]LogWorld: Bringing World /Game/ThirdPersonBP/Maps/UEDPIE_0_ThirdPersonExampleMap.ThirdPersonExampleMap up for play (max tick rate 0) at 2020.11.03-10.08.40
[2020.11.03-16.08.40:935][683]LogWorld: Bringing up level for play took: 0.002989
[2020.11.03-16.08.40:935][683]LogOnline: OSS: Creating online subsystem instance for: :Context_12
[2020.11.03-16.08.40:939][683]PIE: Server logged in
[2020.11.03-16.08.40:940][683]PIE: Play in editor total start time 0.187 seconds.
[2020.11.03-16.08.45:811][262]LogBlueprintUserMessages: [BpMyAi_2] Player is not it
[2020.11.03-16.09.10:370][199]LogBlueprintUserMessages: [BpMyAi_2] Player is not it
[2020.11.03-16.09.24:854][932]LogBlueprintUserMessages: [BpMyAi_2] Player is not it
[2020.11.03-16.09.27:155][202]LogSlate: Updating window title bar state: overlay mode, drag disabled, window buttons hidden, title bar hidden
[2020.11.03-16.09.27:155][202]LogWorld: BeginTearingDown for /Game/ThirdPersonBP/Maps/UEDPIE_0_ThirdPersonExampleMap
[2020.11.03-16.09.27:156][202]LogWorld: UWorld::CleanupWorld for ThirdPersonExampleMap, bSessionEnded=true, bCleanupResources=true
[2020.11.03-16.09.27:156][202]LogSlate: InvalidateAllWidgets triggered.  All widgets were invalidated
[2020.11.03-16.09.27:167][202]LogPlayLevel: Display: Shutting down PIE online subsystems
[2020.11.03-16.09.27:172][202]LogSlate: InvalidateAllWidgets triggered.  All widgets were invalidated
[2020.11.03-16.09.27:222][202]LogSlate: Updating window title bar state: overlay mode, drag disabled, window buttons hidden, title bar hidden
[2020.11.03-16.09.27:223][202]LogAISub: UAISubsystem::~UAISubsystem AIPerceptionSystem (000001F8CA42BD80), frame # 90202
[2020.11.03-16.09.27:223][202]LogAISub: UAISubsystem::~UAISubsystem EnvQueryManager (000001F920D87200), frame # 90202
[2020.11.03-16.09.27:226][202]LogUObjectHash: Compacting FUObjectHashTables data took   2.70ms
[2020.11.03-16.09.27:267][203]LogPlayLevel: Display: Destroying online subsystem :Context_12
[2020.11.03-16.09.51:427][111]BlueprintLog: New page: Compile BpMyAi
[2020.11.03-16.09.51:503][111]LogUObjectHash: Compacting FUObjectHashTables data took   3.05ms
[2020.11.03-16.09.52:254][150]Cmd: OBJ SAVEPACKAGE PACKAGE="/Game/BpMyAi" FILE="../../../../../../Users/Brayden/Documents/unreal/HideAndSeek/Hide_And_Seek/HideAndSeek/Content/BpMyAi.uasset" SILENT=true
[2020.11.03-16.09.52:305][150]LogSavePackage: Moving '../../../../../../Users/Brayden/Documents/unreal/HideAndSeek/Hide_And_Seek/HideAndSeek/Saved/BpMyAiB6D6251542952582FC1C11BABCE6309E.tmp' to '../../../../../../Users/Brayden/Documents/unreal/HideAndSeek/Hide_And_Seek/HideAndSeek/Content/BpMyAi.uasset'
[2020.11.03-16.09.52:320][150]AssetCheck: New page: Asset Save: BpMyAi
[2020.11.03-16.09.52:320][150]LogContentValidation: Display: Validating Blueprint /Game/BpMyAi.BpMyAi
[2020.11.03-16.09.57:686][609]LogTemp: Repeating last play command: Selected Viewport
[2020.11.03-16.09.57:708][609]LogPlayLevel: PlayLevel: No blueprints needed recompiling
[2020.11.03-16.09.57:708][609]PIE: New page: PIE session: ThirdPersonExampleMap (Nov 3, 2020, 4:09:57 AM)
[2020.11.03-16.09.57:739][609]LogPlayLevel: Creating play world package: /Game/ThirdPersonBP/Maps/UEDPIE_0_ThirdPersonExampleMap
[2020.11.03-16.09.57:754][609]LogPlayLevel: PIE: StaticDuplicateObject took: (0.014454s)
[2020.11.03-16.09.57:755][609]LogAIModule: Creating AISystem for world ThirdPersonExampleMap
[2020.11.03-16.09.57:755][609]LogAISub: UAISubsystem::UAISubsystem EnvQueryManager (000001F8CB097E00), frame # 92609
[2020.11.03-16.09.57:755][609]LogAISub: UAISubsystem::UAISubsystem AIPerceptionSystem (000001F8CD25A480), frame # 92609
[2020.11.03-16.09.57:755][609]LogPlayLevel: PIE: World Init took: (0.001357s)
[2020.11.03-16.09.57:755][609]LogPlayLevel: PIE: Created PIE world by copying editor world from /Game/ThirdPersonBP/Maps/ThirdPersonExampleMap.ThirdPersonExampleMap to /Game/ThirdPersonBP/Maps/UEDPIE_0_ThirdPersonExampleMap.ThirdPersonExampleMap (0.015981s)
[2020.11.03-16.09.57:795][609]LogUObjectHash: Compacting FUObjectHashTables data took   3.54ms
[2020.11.03-16.09.57:797][609]LogAudioMixer: Display: Audio Mixer Platform Settings:
[2020.11.03-16.09.57:797][609]LogAudioMixer: Display: 	Sample Rate:						  48000
[2020.11.03-16.09.57:797][609]LogAudioMixer: Display: 	Callback Buffer Frame Size Requested: 1024
[2020.11.03-16.09.57:797][609]LogAudioMixer: Display: 	Callback Buffer Frame Size To Use:	  1024
[2020.11.03-16.09.57:797][609]LogAudioMixer: Display: 	Number of buffers to queue:			  2
[2020.11.03-16.09.57:797][609]LogAudioMixer: Display: 	Max Channels (voices):				  32
[2020.11.03-16.09.57:797][609]LogAudioMixer: Display: 	Number of Async Source Workers:		  0
[2020.11.03-16.09.57:797][609]LogAudio: Display: AudioDevice MaxSources: 32
[2020.11.03-16.09.57:798][609]LogAudio: Display: Using built-in audio occlusion.
[2020.11.03-16.09.57:798][609]LogAudioMixer: Display: Initializing audio mixer.
[2020.11.03-16.09.57:802][609]LogAudioMixer: Display: 0: FrontLeft
[2020.11.03-16.09.57:802][609]LogAudioMixer: Display: 1: FrontRight
[2020.11.03-16.09.57:839][609]LogAudioMixer: Display: Using Audio Device Speakers / Headphones (Realtek High Definition Audio)
[2020.11.03-16.09.57:839][609]LogAudioMixer: Display: Initializing Sound Submixes...
[2020.11.03-16.09.57:839][609]LogAudioMixer: Display: Creating Master Submix 'MasterSubmixDefault'
[2020.11.03-16.09.57:839][609]LogAudioMixer: Display: Creating Master Submix 'MasterReverbSubmixDefault'
[2020.11.03-16.09.57:839][609]LogAudioMixer: Display: Creating Master Submix 'MasterEQSubmixDefault'
[2020.11.03-16.09.57:840][609]LogInit: FAudioDevice initialized.
[2020.11.03-16.09.57:856][609]LogLoad: Game class is 'ThirdPersonGameMode_C'
[2020.11.03-16.09.57:859][609]LogWorld: Bringing World /Game/ThirdPersonBP/Maps/UEDPIE_0_ThirdPersonExampleMap.ThirdPersonExampleMap up for play (max tick rate 0) at 2020.11.03-10.09.57
[2020.11.03-16.09.57:860][609]LogWorld: Bringing up level for play took: 0.002675
[2020.11.03-16.09.57:860][609]LogOnline: OSS: Creating online subsystem instance for: :Context_13
[2020.11.03-16.09.57:864][609]PIE: Server logged in
[2020.11.03-16.09.57:865][609]PIE: Play in editor total start time 0.163 seconds.
[2020.11.03-16.10.02:909][207]LogBlueprintUserMessages: [BpMyAi_2] Player Is It 
[2020.11.03-16.10.07:442][750]LogBlueprintUserMessages: [BpMyAi_2] Player is not it
[2020.11.03-16.10.39:169][543]LogBlueprintUserMessages: [BpMyAi_2] Player Is It 
[2020.11.03-16.10.41:476][819]LogBlueprintUserMessages: [BpMyAi_2] Player is not it
[2020.11.03-16.10.47:636][557]LogBlueprintUserMessages: [BpMyAi_2] Player Is It 
[2020.11.03-16.10.54:445][368]LogSlate: Updating window title bar state: overlay mode, drag disabled, window buttons hidden, title bar hidden
[2020.11.03-16.10.54:445][368]LogWorld: BeginTearingDown for /Game/ThirdPersonBP/Maps/UEDPIE_0_ThirdPersonExampleMap
[2020.11.03-16.10.54:445][368]LogWorld: UWorld::CleanupWorld for ThirdPersonExampleMap, bSessionEnded=true, bCleanupResources=true
[2020.11.03-16.10.54:446][368]LogSlate: InvalidateAllWidgets triggered.  All widgets were invalidated
[2020.11.03-16.10.54:458][368]LogPlayLevel: Display: Shutting down PIE online subsystems
[2020.11.03-16.10.54:462][368]LogSlate: InvalidateAllWidgets triggered.  All widgets were invalidated
[2020.11.03-16.10.54:514][368]LogSlate: Updating window title bar state: overlay mode, drag disabled, window buttons hidden, title bar hidden
[2020.11.03-16.10.54:515][368]LogAISub: UAISubsystem::~UAISubsystem AIPerceptionSystem (000001F8CD25A480), frame # 99368
[2020.11.03-16.10.54:516][368]LogAISub: UAISubsystem::~UAISubsystem EnvQueryManager (000001F8CB097E00), frame # 99368
[2020.11.03-16.10.54:519][368]LogUObjectHash: Compacting FUObjectHashTables data took   3.10ms
[2020.11.03-16.10.54:557][369]LogPlayLevel: Display: Destroying online subsystem :Context_13
[2020.11.03-16.10.57:037][643]LogUObjectHash: Compacting FUObjectHashTables data took   2.66ms
[2020.11.03-16.10.57:085][643]LogUObjectHash: Compacting FUObjectHashTables data took   0.62ms
[2020.11.03-16.10.57:146][643]LogSavePackage: Moving '../../../../../../Users/Brayden/Documents/unreal/HideAndSeek/Hide_And_Seek/HideAndSeek/Saved/ThirdPersonExampleMap5FEF5ABE4B77E62536A13BA0F320C6BC.tmp' to '../../../../../../Users/Brayden/Documents/unreal/HideAndSeek/Hide_And_Seek/HideAndSeek/Content/ThirdPersonBP/Maps/ThirdPersonExampleMap.umap'
[2020.11.03-16.10.57:182][643]LogFileHelpers: Saving map 'ThirdPersonExampleMap' took 0.129
[2020.11.03-16.10.57:367][643]LogSavePackage: Moving '../../../../../../Users/Brayden/Documents/unreal/HideAndSeek/Hide_And_Seek/HideAndSeek/Saved/ThirdPersonExampleMap_BuiltData05A6EFA34F8762276FF1C5A73DC8917D.tmp' to '../../../../../../Users/Brayden/Documents/unreal/HideAndSeek/Hide_And_Seek/HideAndSeek/Content/ThirdPersonBP/Maps/ThirdPersonExampleMap_BuiltData.uasset'
[2020.11.03-16.10.57:385][643]AssetCheck: New page: Asset Save: multiple assets
[2020.11.03-16.10.57:385][643]LogContentValidation: Display: Validating World /Game/ThirdPersonBP/Maps/ThirdPersonExampleMap.ThirdPersonExampleMap
[2020.11.03-16.10.57:385][643]LogContentValidation: Display: Validating MapBuildDataRegistry /Game/ThirdPersonBP/Maps/ThirdPersonExampleMap_BuiltData.ThirdPersonExampleMap_BuiltData
[2020.11.03-16.11.11:881][739]BlueprintLog: New page: Compile BpMyAi
[2020.11.03-16.11.11:956][739]LogUObjectHash: Compacting FUObjectHashTables data took   3.04ms
[2020.11.03-16.11.12:850][792]Cmd: OBJ SAVEPACKAGE PACKAGE="/Game/BpMyAi" FILE="../../../../../../Users/Brayden/Documents/unreal/HideAndSeek/Hide_And_Seek/HideAndSeek/Content/BpMyAi.uasset" SILENT=true
[2020.11.03-16.11.12:893][792]LogSavePackage: Moving '../../../../../../Users/Brayden/Documents/unreal/HideAndSeek/Hide_And_Seek/HideAndSeek/Saved/BpMyAi55308E0B4ECB30516ED7E1BD784AF2FC.tmp' to '../../../../../../Users/Brayden/Documents/unreal/HideAndSeek/Hide_And_Seek/HideAndSeek/Content/BpMyAi.uasset'
[2020.11.03-16.11.12:908][792]AssetCheck: New page: Asset Save: BpMyAi
[2020.11.03-16.11.12:909][792]LogContentValidation: Display: Validating Blueprint /Game/BpMyAi.BpMyAi
[2020.11.03-16.11.16:886][178]LogUObjectHash: Compacting FUObjectHashTables data took   3.73ms
[2020.11.03-16.11.16:935][178]LogUObjectHash: Compacting FUObjectHashTables data took   0.62ms
[2020.11.03-16.11.16:977][178]LogSavePackage: Moving '../../../../../../Users/Brayden/Documents/unreal/HideAndSeek/Hide_And_Seek/HideAndSeek/Saved/ThirdPersonExampleMap5BDEDA8941BD8B6D8A93ECA0E7A73F8F.tmp' to '../../../../../../Users/Brayden/Documents/unreal/HideAndSeek/Hide_And_Seek/HideAndSeek/Content/ThirdPersonBP/Maps/ThirdPersonExampleMap.umap'
[2020.11.03-16.11.17:010][178]LogFileHelpers: Saving map 'ThirdPersonExampleMap' took 0.108
[2020.11.03-16.11.17:126][178]LogSavePackage: Moving '../../../../../../Users/Brayden/Documents/unreal/HideAndSeek/Hide_And_Seek/HideAndSeek/Saved/ThirdPersonExampleMap_BuiltDataAE510AD24474AF34F274E0960002AC16.tmp' to '../../../../../../Users/Brayden/Documents/unreal/HideAndSeek/Hide_And_Seek/HideAndSeek/Content/ThirdPersonBP/Maps/ThirdPersonExampleMap_BuiltData.uasset'
[2020.11.03-16.11.17:143][178]AssetCheck: New page: Asset Save: multiple assets
[2020.11.03-16.11.17:143][178]LogContentValidation: Display: Validating World /Game/ThirdPersonBP/Maps/ThirdPersonExampleMap.ThirdPersonExampleMap
[2020.11.03-16.11.17:143][178]LogContentValidation: Display: Validating MapBuildDataRegistry /Game/ThirdPersonBP/Maps/ThirdPersonExampleMap_BuiltData.ThirdPersonExampleMap_BuiltData
